2025-08-31 12:08:42,586 INFO    StreamThr :4180633 [internal.py:wandb_internal():86] W&B internal server running at pid: 4180633, started at: 2025-08-31 12:08:42.585740
2025-08-31 12:08:42,588 DEBUG   HandlerThread:4180633 [handler.py:handle_request():146] handle_request: status
2025-08-31 12:08:42,591 INFO    WriterThread:4180633 [datastore.py:open_for_write():85] open: /data0/lumina/weijie/Robotwin_hpt/RoboTwin/policy/HPT/wandb/run-20250831_120842-nnswwkgw/run-nnswwkgw.wandb
2025-08-31 12:08:42,592 DEBUG   SenderThread:4180633 [sender.py:send():382] send: header
2025-08-31 12:08:42,593 DEBUG   SenderThread:4180633 [sender.py:send():382] send: run
2025-08-31 12:08:42,602 INFO    SenderThread:4180633 [sender.py:_maybe_setup_resume():763] checking resume status for None/hpt-transfer/nnswwkgw
2025-08-31 12:08:43,559 INFO    SenderThread:4180633 [dir_watcher.py:__init__():211] watching files in: /data0/lumina/weijie/Robotwin_hpt/RoboTwin/policy/HPT/wandb/run-20250831_120842-nnswwkgw/files
2025-08-31 12:08:43,559 INFO    SenderThread:4180633 [sender.py:_start_run_threads():1136] run started: nnswwkgw with start time 1756613322.585589
2025-08-31 12:08:43,565 DEBUG   HandlerThread:4180633 [handler.py:handle_request():146] handle_request: check_version
2025-08-31 12:08:43,566 DEBUG   SenderThread:4180633 [sender.py:send_request():409] send_request: check_version
2025-08-31 12:08:43,639 DEBUG   HandlerThread:4180633 [handler.py:handle_request():146] handle_request: run_start
2025-08-31 12:08:43,652 DEBUG   HandlerThread:4180633 [system_info.py:__init__():32] System info init
2025-08-31 12:08:43,652 DEBUG   HandlerThread:4180633 [system_info.py:__init__():47] System info init done
2025-08-31 12:08:43,652 INFO    HandlerThread:4180633 [system_monitor.py:start():194] Starting system monitor
2025-08-31 12:08:43,653 INFO    SystemMonitor:4180633 [system_monitor.py:_start():158] Starting system asset monitoring threads
2025-08-31 12:08:43,653 INFO    HandlerThread:4180633 [system_monitor.py:probe():214] Collecting system info
2025-08-31 12:08:43,654 INFO    SystemMonitor:4180633 [interfaces.py:start():190] Started cpu monitoring
2025-08-31 12:08:43,655 INFO    SystemMonitor:4180633 [interfaces.py:start():190] Started disk monitoring
2025-08-31 12:08:43,656 INFO    SystemMonitor:4180633 [interfaces.py:start():190] Started gpu monitoring
2025-08-31 12:08:43,657 INFO    SystemMonitor:4180633 [interfaces.py:start():190] Started memory monitoring
2025-08-31 12:08:43,658 INFO    SystemMonitor:4180633 [interfaces.py:start():190] Started network monitoring
2025-08-31 12:08:43,711 DEBUG   HandlerThread:4180633 [system_info.py:probe():196] Probing system
2025-08-31 12:08:43,712 DEBUG   HandlerThread:4180633 [system_info.py:_probe_git():181] Probing git
2025-08-31 12:08:43,725 DEBUG   HandlerThread:4180633 [system_info.py:_probe_git():189] Probing git done
2025-08-31 12:08:43,725 DEBUG   HandlerThread:4180633 [system_info.py:probe():244] Probing system done
2025-08-31 12:08:43,725 DEBUG   HandlerThread:4180633 [system_monitor.py:probe():223] {'os': 'Linux-6.8.0-65-generic-x86_64-with-glibc2.35', 'python': '3.10.18', 'heartbeatAt': '2025-08-31T04:08:43.711436', 'startedAt': '2025-08-31T04:08:42.581280', 'docker': None, 'cuda': None, 'args': (), 'state': 'running', 'program': '/data0/lumina/weijie/Robotwin_hpt/RoboTwin/policy/HPT/train.py', 'codePathLocal': 'train.py', 'codePath': 'RoboTwin/policy/HPT/train.py', 'git': {'remote': 'https://github.com/ZixuanLi2004/Robotwin_hpt.git', 'commit': '916e51b13b2936933d1ad1ceb61024df3a193d2f'}, 'email': 'jiawei2006@gmail.com', 'root': '/data0/lumina/weijie/Robotwin_hpt', 'host': 'ubun', 'username': 'lumina', 'executable': '/home/lumina/miniconda3/envs/weijie_hpt/bin/python3', 'cpu_count': 64, 'cpu_count_logical': 128, 'cpu_freq': {'current': 1725.6741796875008, 'min': 800.0, 'max': 3400.0}, 'cpu_freq_per_core': [{'current': 2600.0, 'min': 800.0, 'max': 3400.0}, {'current': 2100.0, 'min': 800.0, 'max': 3400.0}, {'current': 2099.978, 'min': 800.0, 'max': 3400.0}, {'current': 2100.021, 'min': 800.0, 'max': 3400.0}, {'current': 2600.0, 'min': 800.0, 'max': 3400.0}, {'current': 2100.021, 'min': 800.0, 'max': 3400.0}, {'current': 2099.978, 'min': 800.0, 'max': 3400.0}, {'current': 2299.976, 'min': 800.0, 'max': 3400.0}, {'current': 2100.021, 'min': 800.0, 'max': 3400.0}, {'current': 2300.0, 'min': 800.0, 'max': 3400.0}, {'current': 2100.0, 'min': 800.0, 'max': 3400.0}, {'current': 2399.975, 'min': 800.0, 'max': 3400.0}, {'current': 2100.0, 'min': 800.0, 'max': 3400.0}, {'current': 2100.021, 'min': 800.0, 'max': 3400.0}, {'current': 2099.957, 'min': 800.0, 'max': 3400.0}, {'current': 2600.052, 'min': 800.0, 'max': 3400.0}, {'current': 2600.0, 'min': 800.0, 'max': 3400.0}, {'current': 2100.042, 'min': 800.0, 'max': 3400.0}, {'current': 2100.0, 'min': 800.0, 'max': 3400.0}, {'current': 2100.021, 'min': 800.0, 'max': 3400.0}, {'current': 2100.0, 'min': 800.0, 'max': 3400.0}, {'current': 2200.0, 'min': 800.0, 'max': 3400.0}, {'current': 2100.0, 'min': 800.0, 'max': 3400.0}, {'current': 2100.021, 'min': 800.0, 'max': 3400.0}, {'current': 2099.978, 'min': 800.0, 'max': 3400.0}, {'current': 2200.0, 'min': 800.0, 'max': 3400.0}, {'current': 2100.063, 'min': 800.0, 'max': 3400.0}, {'current': 2099.978, 'min': 800.0, 'max': 3400.0}, {'current': 2100.0, 'min': 800.0, 'max': 3400.0}, {'current': 2100.021, 'min': 800.0, 'max': 3400.0}, {'current': 2100.0, 'min': 800.0, 'max': 3400.0}, {'current': 2000.0, 'min': 800.0, 'max': 3400.0}, {'current': 2600.0, 'min': 800.0, 'max': 3400.0}, {'current': 2600.026, 'min': 800.0, 'max': 3400.0}, {'current': 2600.0, 'min': 800.0, 'max': 3400.0}, {'current': 2599.973, 'min': 800.0, 'max': 3400.0}, {'current': 2100.021, 'min': 800.0, 'max': 3400.0}, {'current': 2599.973, 'min': 800.0, 'max': 3400.0}, {'current': 2599.947, 'min': 800.0, 'max': 3400.0}, {'current': 2599.973, 'min': 800.0, 'max': 3400.0}, {'current': 2100.0, 'min': 800.0, 'max': 3400.0}, {'current': 2100.0, 'min': 800.0, 'max': 3400.0}, {'current': 2100.0, 'min': 800.0, 'max': 3400.0}, {'current': 2100.0, 'min': 800.0, 'max': 3400.0}, {'current': 2600.0, 'min': 800.0, 'max': 3400.0}, {'current': 2600.0, 'min': 800.0, 'max': 3400.0}, {'current': 2099.978, 'min': 800.0, 'max': 3400.0}, {'current': 2600.026, 'min': 800.0, 'max': 3400.0}, {'current': 2600.0, 'min': 800.0, 'max': 3400.0}, {'current': 2100.021, 'min': 800.0, 'max': 3400.0}, {'current': 2100.021, 'min': 800.0, 'max': 3400.0}, {'current': 2599.973, 'min': 800.0, 'max': 3400.0}, {'current': 2600.0, 'min': 800.0, 'max': 3400.0}, {'current': 2100.021, 'min': 800.0, 'max': 3400.0}, {'current': 2100.042, 'min': 800.0, 'max': 3400.0}, {'current': 2100.021, 'min': 800.0, 'max': 3400.0}, {'current': 2599.973, 'min': 800.0, 'max': 3400.0}, {'current': 2600.026, 'min': 800.0, 'max': 3400.0}, {'current': 2600.026, 'min': 800.0, 'max': 3400.0}, {'current': 2600.026, 'min': 800.0, 'max': 3400.0}, {'current': 2600.052, 'min': 800.0, 'max': 3400.0}, {'current': 2600.026, 'min': 800.0, 'max': 3400.0}, {'current': 2100.0, 'min': 800.0, 'max': 3400.0}, {'current': 2600.0, 'min': 800.0, 'max': 3400.0}, {'current': 2599.973, 'min': 800.0, 'max': 3400.0}, {'current': 2100.021, 'min': 800.0, 'max': 3400.0}, {'current': 2100.0, 'min': 800.0, 'max': 3400.0}, {'current': 2100.0, 'min': 800.0, 'max': 3400.0}, {'current': 2599.947, 'min': 800.0, 'max': 3400.0}, {'current': 2100.0, 'min': 800.0, 'max': 3400.0}, {'current': 2100.042, 'min': 800.0, 'max': 3400.0}, {'current': 2300.0, 'min': 800.0, 'max': 3400.0}, {'current': 2100.021, 'min': 800.0, 'max': 3400.0}, {'current': 2299.976, 'min': 800.0, 'max': 3400.0}, {'current': 2100.0, 'min': 800.0, 'max': 3400.0}, {'current': 2400.0, 'min': 800.0, 'max': 3400.0}, {'current': 2100.02, 'min': 800.0, 'max': 3400.0}, {'current': 2100.02, 'min': 800.0, 'max': 3400.0}, {'current': 2099.979, 'min': 800.0, 'max': 3400.0}, {'current': 2599.974, 'min': 800.0, 'max': 3400.0}, {'current': 2600.025, 'min': 800.0, 'max': 3400.0}, {'current': 2100.0, 'min': 800.0, 'max': 3400.0}, {'current': 2100.0, 'min': 800.0, 'max': 3400.0}, {'current': 2099.958, 'min': 800.0, 'max': 3400.0}, {'current': 2100.0, 'min': 800.0, 'max': 3400.0}, {'current': 2367.657, 'min': 800.0, 'max': 3400.0}, {'current': 2100.0, 'min': 800.0, 'max': 3400.0}, {'current': 2100.0, 'min': 800.0, 'max': 3400.0}, {'current': 2100.0, 'min': 800.0, 'max': 3400.0}, {'current': 2401.6, 'min': 800.0, 'max': 3400.0}, {'current': 2100.02, 'min': 800.0, 'max': 3400.0}, {'current': 2099.979, 'min': 800.0, 'max': 3400.0}, {'current': 2099.979, 'min': 800.0, 'max': 3400.0}, {'current': 2099.979, 'min': 800.0, 'max': 3400.0}, {'current': 2100.02, 'min': 800.0, 'max': 3400.0}, {'current': 2035.557, 'min': 800.0, 'max': 3400.0}, {'current': 2597.24, 'min': 800.0, 'max': 3400.0}, {'current': 2597.064, 'min': 800.0, 'max': 3400.0}, {'current': 2600.026, 'min': 800.0, 'max': 3400.0}, {'current': 2597.238, 'min': 800.0, 'max': 3400.0}, {'current': 2100.0, 'min': 800.0, 'max': 3400.0}, {'current': 2600.025, 'min': 800.0, 'max': 3400.0}, {'current': 2597.159, 'min': 800.0, 'max': 3400.0}, {'current': 2600.0, 'min': 800.0, 'max': 3400.0}, {'current': 2099.979, 'min': 800.0, 'max': 3400.0}, {'current': 2068.806, 'min': 800.0, 'max': 3400.0}, {'current': 2097.212, 'min': 800.0, 'max': 3400.0}, {'current': 2100.0, 'min': 800.0, 'max': 3400.0}, {'current': 2600.0, 'min': 800.0, 'max': 3400.0}, {'current': 2600.0, 'min': 800.0, 'max': 3400.0}, {'current': 2099.978, 'min': 800.0, 'max': 3400.0}, {'current': 2597.199, 'min': 800.0, 'max': 3400.0}, {'current': 2598.202, 'min': 800.0, 'max': 3400.0}, {'current': 2100.0, 'min': 800.0, 'max': 3400.0}, {'current': 2100.0, 'min': 800.0, 'max': 3400.0}, {'current': 2597.883, 'min': 800.0, 'max': 3400.0}, {'current': 2600.033, 'min': 800.0, 'max': 3400.0}, {'current': 2100.0, 'min': 800.0, 'max': 3400.0}, {'current': 2097.229, 'min': 800.0, 'max': 3400.0}, {'current': 2099.978, 'min': 800.0, 'max': 3400.0}, {'current': 2600.0, 'min': 800.0, 'max': 3400.0}, {'current': 2599.93, 'min': 800.0, 'max': 3400.0}, {'current': 2597.803, 'min': 800.0, 'max': 3400.0}, {'current': 2597.851, 'min': 800.0, 'max': 3400.0}, {'current': 2581.454, 'min': 800.0, 'max': 3400.0}, {'current': 2597.847, 'min': 800.0, 'max': 3400.0}, {'current': 2085.391, 'min': 800.0, 'max': 3400.0}, {'current': 2588.242, 'min': 800.0, 'max': 3400.0}], 'disk': {'/': {'total': 1758.3374824523926, 'used': 1541.526725769043}}, 'gpu': 'NVIDIA GeForce RTX 4090', 'gpu_count': 8, 'gpu_devices': [{'name': 'NVIDIA GeForce RTX 4090', 'memory_total': 25757220864}, {'name': 'NVIDIA GeForce RTX 4090', 'memory_total': 25757220864}, {'name': 'NVIDIA GeForce RTX 4090', 'memory_total': 25757220864}, {'name': 'NVIDIA GeForce RTX 4090', 'memory_total': 25757220864}, {'name': 'NVIDIA GeForce RTX 4090', 'memory_total': 25757220864}, {'name': 'NVIDIA GeForce RTX 4090', 'memory_total': 25757220864}, {'name': 'NVIDIA GeForce RTX 4090', 'memory_total': 25757220864}, {'name': 'NVIDIA GeForce RTX 4090', 'memory_total': 25757220864}], 'memory': {'total': 1007.5125045776367}}
2025-08-31 12:08:43,725 INFO    HandlerThread:4180633 [system_monitor.py:probe():224] Finished collecting system info
2025-08-31 12:08:43,725 INFO    HandlerThread:4180633 [system_monitor.py:probe():227] Publishing system info
2025-08-31 12:08:43,725 DEBUG   HandlerThread:4180633 [system_info.py:_save_pip():52] Saving list of pip packages installed into the current environment
2025-08-31 12:08:43,726 DEBUG   HandlerThread:4180633 [system_info.py:_save_pip():68] Saving pip packages done
2025-08-31 12:08:43,726 DEBUG   HandlerThread:4180633 [system_info.py:_save_conda():75] Saving list of conda packages installed into the current environment
2025-08-31 12:08:44,562 INFO    Thread-12 :4180633 [dir_watcher.py:_on_file_created():271] file/dir created: /data0/lumina/weijie/Robotwin_hpt/RoboTwin/policy/HPT/wandb/run-20250831_120842-nnswwkgw/files/conda-environment.yaml
2025-08-31 12:08:44,562 INFO    Thread-12 :4180633 [dir_watcher.py:_on_file_created():271] file/dir created: /data0/lumina/weijie/Robotwin_hpt/RoboTwin/policy/HPT/wandb/run-20250831_120842-nnswwkgw/files/requirements.txt
2025-08-31 12:08:47,941 DEBUG   HandlerThread:4180633 [system_info.py:_save_conda():87] Saving conda packages done
2025-08-31 12:08:47,942 INFO    HandlerThread:4180633 [system_monitor.py:probe():229] Finished publishing system info
2025-08-31 12:08:47,946 DEBUG   HandlerThread:4180633 [handler.py:handle_request():146] handle_request: status_report
2025-08-31 12:08:47,947 DEBUG   SenderThread:4180633 [sender.py:send():382] send: files
2025-08-31 12:08:47,947 INFO    SenderThread:4180633 [sender.py:_save_file():1392] saving file wandb-metadata.json with policy now
2025-08-31 12:08:47,951 DEBUG   HandlerThread:4180633 [handler.py:handle_request():146] handle_request: stop_status
2025-08-31 12:08:47,952 DEBUG   SenderThread:4180633 [sender.py:send_request():409] send_request: stop_status
2025-08-31 12:08:47,953 DEBUG   HandlerThread:4180633 [handler.py:handle_request():146] handle_request: internal_messages
2025-08-31 12:08:48,561 INFO    Thread-12 :4180633 [dir_watcher.py:_on_file_modified():288] file/dir modified: /data0/lumina/weijie/Robotwin_hpt/RoboTwin/policy/HPT/wandb/run-20250831_120842-nnswwkgw/files/conda-environment.yaml
2025-08-31 12:08:48,562 INFO    Thread-12 :4180633 [dir_watcher.py:_on_file_created():271] file/dir created: /data0/lumina/weijie/Robotwin_hpt/RoboTwin/policy/HPT/wandb/run-20250831_120842-nnswwkgw/files/wandb-metadata.json
2025-08-31 12:08:48,627 ERROR   wandb-upload_0:4180633 [internal_api.py:upload_file():2761] upload_file exception https://storage.googleapis.com/wandb-production.appspot.com/wanweijie2005-/hpt-transfer/nnswwkgw/wandb-metadata.json?X-Goog-Algorithm=GOOG4-RSA-SHA256&X-Goog-Credential=gorilla-files-url-signer-man%40wandb-production.iam.gserviceaccount.com%2F20250831%2Fauto%2Fstorage%2Fgoog4_request&X-Goog-Date=20250831T040848Z&X-Goog-Expires=86399&X-Goog-Signature=4ff14d4a4ca803a1e2fd4c30e951e373c0f95dc75e0df104ff3783c70c5ab25c8f5524126ce096b047150ebe7f9bfe93d6ae435a5b67a88f85001c8ddddc2e3c35f444abbfdbc010394962efde682529c5d9c1a3deeb99b250fad54f0a21189a7c7621d076cecc59f2ae5ff836aa9963647b3aa158cf90665c11046d3101fd191b623d09febd3e68e5882b01d42536ad57c96a02963e32be5e9dc852842df6b6cd043e340890f99b2650dd48acee1fbf9ba6a35253310cc5d852afcc30c7d56561eed1b880491d40a440ec10ef0446cd1509105d8ac1b911f63439ad7a2fad7cb6ac9f1fcde6751d08aa77cbd671ebb5da8744c80147652dcf7667bdb5407a69&X-Goog-SignedHeaders=host&X-User=wanweijie2005: ('Connection aborted.', ConnectionResetError(104, 'Connection reset by peer'))
2025-08-31 12:08:48,627 ERROR   wandb-upload_0:4180633 [internal_api.py:upload_file():2763] upload_file request headers: {'User-Agent': 'python-requests/2.32.5', 'Accept-Encoding': 'gzip, deflate, br, zstd', 'Accept': '*/*', 'Connection': 'keep-alive', 'Content-Length': '15567'}
2025-08-31 12:08:48,628 ERROR   wandb-upload_0:4180633 [internal_api.py:upload_file():2765] upload_file response body: 
2025-08-31 12:08:49,700 DEBUG   SenderThread:4180633 [sender.py:send():382] send: telemetry
2025-08-31 12:08:50,506 INFO    wandb-upload_0:4180633 [upload_job.py:push():131] Uploaded file /tmp/tmpb340sn8vwandb/lsbuhits-wandb-metadata.json
2025-08-31 12:08:50,562 INFO    Thread-12 :4180633 [dir_watcher.py:_on_file_created():271] file/dir created: /data0/lumina/weijie/Robotwin_hpt/RoboTwin/policy/HPT/wandb/run-20250831_120842-nnswwkgw/files/output.log
2025-08-31 12:08:51,839 WARNING FileStreamThread:4180633 [file_stream.py:request_with_retry():668] requests_with_retry encountered retryable exception: ('Connection aborted.', ConnectionResetError(104, 'Connection reset by peer')). func: functools.partial(<bound method Session.post of <requests.sessions.Session object at 0x7457a4407190>>, timeout=180), args: ('https://api.wandb.ai/files/wanweijie2005-/hpt-transfer/nnswwkgw/file_stream',), kwargs: {'json': {'files': {'output.log': {'offset': 0, 'content': ['2025-08-31T04:08:51.704190 train policy models with pretrained: ./hpt-xlarge!\n', '2025-08-31T04:08:51.704190 wandb url: https://wandb.ai/wanweijie2005-/hpt-transfer/runs/nnswwkgw\n', '2025-08-31T04:08:51.704190  >>>dataset_path: data/zarr_Robotwin_resnet_traj50_multiview load_from_cache: True\n', '2025-08-31T04:08:51.704190 Robotwin size: 6086 episodes: 50 train: 45 eval: 5\n', "2025-08-31T04:08:51.704190 data keys: KeysView(<zarr.hierarchy.Group '/data' read-only>)\n", '2025-08-31T04:08:51.704190 Using device: cuda\n', '2025-08-31T04:08:51.704190 load pretrained trunk config\n']}}, 'dropped': 0}}
2025-08-31 12:08:52,563 INFO    Thread-12 :4180633 [dir_watcher.py:_on_file_modified():288] file/dir modified: /data0/lumina/weijie/Robotwin_hpt/RoboTwin/policy/HPT/wandb/run-20250831_120842-nnswwkgw/files/output.log
2025-08-31 12:08:52,685 DEBUG   HandlerThread:4180633 [handler.py:handle_request():146] handle_request: status_report
2025-08-31 12:08:54,168 DEBUG   SenderThread:4180633 [sender.py:send():382] send: exit
2025-08-31 12:08:54,168 INFO    SenderThread:4180633 [sender.py:send_exit():589] handling exit code: 1
2025-08-31 12:08:54,168 INFO    SenderThread:4180633 [sender.py:send_exit():591] handling runtime: 10
2025-08-31 12:08:54,168 INFO    SenderThread:4180633 [sender.py:_save_file():1392] saving file wandb-summary.json with policy end
2025-08-31 12:08:54,169 INFO    SenderThread:4180633 [sender.py:send_exit():597] send defer
2025-08-31 12:08:54,169 DEBUG   HandlerThread:4180633 [handler.py:handle_request():146] handle_request: defer
2025-08-31 12:08:54,169 INFO    HandlerThread:4180633 [handler.py:handle_request_defer():172] handle defer: 0
2025-08-31 12:08:54,169 DEBUG   SenderThread:4180633 [sender.py:send_request():409] send_request: defer
2025-08-31 12:08:54,169 INFO    SenderThread:4180633 [sender.py:send_request_defer():613] handle sender defer: 0
2025-08-31 12:08:54,169 INFO    SenderThread:4180633 [sender.py:transition_state():617] send defer: 1
2025-08-31 12:08:54,169 DEBUG   HandlerThread:4180633 [handler.py:handle_request():146] handle_request: defer
2025-08-31 12:08:54,169 INFO    HandlerThread:4180633 [handler.py:handle_request_defer():172] handle defer: 1
2025-08-31 12:08:54,169 DEBUG   SenderThread:4180633 [sender.py:send_request():409] send_request: defer
2025-08-31 12:08:54,169 INFO    SenderThread:4180633 [sender.py:send_request_defer():613] handle sender defer: 1
2025-08-31 12:08:54,169 INFO    SenderThread:4180633 [sender.py:transition_state():617] send defer: 2
2025-08-31 12:08:54,169 DEBUG   HandlerThread:4180633 [handler.py:handle_request():146] handle_request: defer
2025-08-31 12:08:54,170 INFO    HandlerThread:4180633 [handler.py:handle_request_defer():172] handle defer: 2
2025-08-31 12:08:54,170 INFO    HandlerThread:4180633 [system_monitor.py:finish():203] Stopping system monitor
2025-08-31 12:08:54,171 INFO    HandlerThread:4180633 [interfaces.py:finish():202] Joined cpu monitor
2025-08-31 12:08:54,171 INFO    HandlerThread:4180633 [interfaces.py:finish():202] Joined disk monitor
2025-08-31 12:08:54,171 DEBUG   SystemMonitor:4180633 [system_monitor.py:_start():172] Starting system metrics aggregation loop
2025-08-31 12:08:54,172 DEBUG   SystemMonitor:4180633 [system_monitor.py:_start():179] Finished system metrics aggregation loop
2025-08-31 12:08:54,172 DEBUG   SystemMonitor:4180633 [system_monitor.py:_start():183] Publishing last batch of metrics
2025-08-31 12:08:54,564 INFO    Thread-12 :4180633 [dir_watcher.py:_on_file_modified():288] file/dir modified: /data0/lumina/weijie/Robotwin_hpt/RoboTwin/policy/HPT/wandb/run-20250831_120842-nnswwkgw/files/output.log
2025-08-31 12:08:54,564 INFO    Thread-12 :4180633 [dir_watcher.py:_on_file_created():271] file/dir created: /data0/lumina/weijie/Robotwin_hpt/RoboTwin/policy/HPT/wandb/run-20250831_120842-nnswwkgw/files/wandb-summary.json
2025-08-31 12:08:55,180 INFO    HandlerThread:4180633 [interfaces.py:finish():202] Joined gpu monitor
2025-08-31 12:08:55,180 INFO    HandlerThread:4180633 [interfaces.py:finish():202] Joined memory monitor
2025-08-31 12:08:55,180 INFO    HandlerThread:4180633 [interfaces.py:finish():202] Joined network monitor
2025-08-31 12:08:55,181 DEBUG   HandlerThread:4180633 [handler.py:handle_request():146] handle_request: poll_exit
2025-08-31 12:08:55,181 DEBUG   SenderThread:4180633 [sender.py:send_request():409] send_request: defer
2025-08-31 12:08:55,181 INFO    SenderThread:4180633 [sender.py:send_request_defer():613] handle sender defer: 2
2025-08-31 12:08:55,181 INFO    SenderThread:4180633 [sender.py:transition_state():617] send defer: 3
2025-08-31 12:08:55,182 DEBUG   HandlerThread:4180633 [handler.py:handle_request():146] handle_request: defer
2025-08-31 12:08:55,182 INFO    HandlerThread:4180633 [handler.py:handle_request_defer():172] handle defer: 3
2025-08-31 12:08:55,182 DEBUG   SenderThread:4180633 [sender.py:send():382] send: stats
2025-08-31 12:08:55,183 DEBUG   SenderThread:4180633 [sender.py:send_request():409] send_request: poll_exit
2025-08-31 12:08:55,183 DEBUG   SenderThread:4180633 [sender.py:send_request():409] send_request: defer
2025-08-31 12:08:55,183 INFO    SenderThread:4180633 [sender.py:send_request_defer():613] handle sender defer: 3
2025-08-31 12:08:55,183 INFO    SenderThread:4180633 [sender.py:transition_state():617] send defer: 4
2025-08-31 12:08:55,183 DEBUG   HandlerThread:4180633 [handler.py:handle_request():146] handle_request: defer
2025-08-31 12:08:55,183 INFO    HandlerThread:4180633 [handler.py:handle_request_defer():172] handle defer: 4
2025-08-31 12:08:55,183 DEBUG   SenderThread:4180633 [sender.py:send_request():409] send_request: defer
2025-08-31 12:08:55,183 INFO    SenderThread:4180633 [sender.py:send_request_defer():613] handle sender defer: 4
2025-08-31 12:08:55,183 INFO    SenderThread:4180633 [sender.py:transition_state():617] send defer: 5
2025-08-31 12:08:55,184 DEBUG   HandlerThread:4180633 [handler.py:handle_request():146] handle_request: defer
2025-08-31 12:08:55,184 INFO    HandlerThread:4180633 [handler.py:handle_request_defer():172] handle defer: 5
2025-08-31 12:08:55,184 DEBUG   SenderThread:4180633 [sender.py:send():382] send: summary
2025-08-31 12:08:55,184 INFO    SenderThread:4180633 [sender.py:_save_file():1392] saving file wandb-summary.json with policy end
2025-08-31 12:08:55,184 DEBUG   SenderThread:4180633 [sender.py:send_request():409] send_request: defer
2025-08-31 12:08:55,184 INFO    SenderThread:4180633 [sender.py:send_request_defer():613] handle sender defer: 5
2025-08-31 12:08:55,184 INFO    SenderThread:4180633 [sender.py:transition_state():617] send defer: 6
2025-08-31 12:08:55,184 DEBUG   HandlerThread:4180633 [handler.py:handle_request():146] handle_request: defer
2025-08-31 12:08:55,185 INFO    HandlerThread:4180633 [handler.py:handle_request_defer():172] handle defer: 6
2025-08-31 12:08:55,185 DEBUG   SenderThread:4180633 [sender.py:send_request():409] send_request: defer
2025-08-31 12:08:55,185 INFO    SenderThread:4180633 [sender.py:send_request_defer():613] handle sender defer: 6
2025-08-31 12:08:55,188 DEBUG   HandlerThread:4180633 [handler.py:handle_request():146] handle_request: status_report
2025-08-31 12:08:55,470 INFO    SenderThread:4180633 [sender.py:transition_state():617] send defer: 7
2025-08-31 12:08:55,470 DEBUG   HandlerThread:4180633 [handler.py:handle_request():146] handle_request: defer
2025-08-31 12:08:55,470 INFO    HandlerThread:4180633 [handler.py:handle_request_defer():172] handle defer: 7
2025-08-31 12:08:55,470 DEBUG   SenderThread:4180633 [sender.py:send_request():409] send_request: defer
2025-08-31 12:08:55,470 INFO    SenderThread:4180633 [sender.py:send_request_defer():613] handle sender defer: 7
2025-08-31 12:08:55,565 INFO    Thread-12 :4180633 [dir_watcher.py:_on_file_modified():288] file/dir modified: /data0/lumina/weijie/Robotwin_hpt/RoboTwin/policy/HPT/wandb/run-20250831_120842-nnswwkgw/files/wandb-summary.json
2025-08-31 12:08:55,565 INFO    Thread-12 :4180633 [dir_watcher.py:_on_file_modified():288] file/dir modified: /data0/lumina/weijie/Robotwin_hpt/RoboTwin/policy/HPT/wandb/run-20250831_120842-nnswwkgw/files/config.yaml
2025-08-31 12:08:56,169 DEBUG   HandlerThread:4180633 [handler.py:handle_request():146] handle_request: poll_exit
2025-08-31 12:08:56,565 INFO    Thread-12 :4180633 [dir_watcher.py:_on_file_modified():288] file/dir modified: /data0/lumina/weijie/Robotwin_hpt/RoboTwin/policy/HPT/wandb/run-20250831_120842-nnswwkgw/files/output.log
2025-08-31 12:08:57,715 INFO    SenderThread:4180633 [sender.py:transition_state():617] send defer: 8
2025-08-31 12:08:57,715 DEBUG   SenderThread:4180633 [sender.py:send_request():409] send_request: poll_exit
2025-08-31 12:08:57,716 DEBUG   HandlerThread:4180633 [handler.py:handle_request():146] handle_request: defer
2025-08-31 12:08:57,716 INFO    HandlerThread:4180633 [handler.py:handle_request_defer():172] handle defer: 8
2025-08-31 12:08:57,716 DEBUG   SenderThread:4180633 [sender.py:send_request():409] send_request: defer
2025-08-31 12:08:57,716 INFO    SenderThread:4180633 [sender.py:send_request_defer():613] handle sender defer: 8
2025-08-31 12:08:57,716 INFO    SenderThread:4180633 [job_builder.py:build():298] Attempting to build job artifact
2025-08-31 12:08:57,717 INFO    SenderThread:4180633 [job_builder.py:_get_source_type():428] is repo sourced job
2025-08-31 12:08:57,752 INFO    SenderThread:4180633 [job_builder.py:build():404] adding wandb-job metadata file
2025-08-31 12:08:57,756 INFO    SenderThread:4180633 [sender.py:transition_state():617] send defer: 9
2025-08-31 12:08:57,756 DEBUG   HandlerThread:4180633 [handler.py:handle_request():146] handle_request: defer
2025-08-31 12:08:57,757 INFO    HandlerThread:4180633 [handler.py:handle_request_defer():172] handle defer: 9
2025-08-31 12:08:57,759 DEBUG   SenderThread:4180633 [sender.py:send():382] send: artifact
2025-08-31 12:08:58,566 INFO    Thread-12 :4180633 [dir_watcher.py:_on_file_modified():288] file/dir modified: /data0/lumina/weijie/Robotwin_hpt/RoboTwin/policy/HPT/wandb/run-20250831_120842-nnswwkgw/files/output.log
2025-08-31 12:08:59,007 INFO    SenderThread:4180633 [sender.py:send_artifact():1470] sent artifact job-https___github.com_ZixuanLi2004_Robotwin_hpt.git_RoboTwin_policy_HPT_train.py - {'id': 'QXJ0aWZhY3Q6MjAwNDg5MTYwNg==', 'state': 'COMMITTED', 'artifactSequence': {'id': 'QXJ0aWZhY3RDb2xsZWN0aW9uOjcyMjUwNTEyOA==', 'latestArtifact': {'id': 'QXJ0aWZhY3Q6MjAwNDg5MTYwNg==', 'versionIndex': 5}}}
2025-08-31 12:08:59,008 DEBUG   SenderThread:4180633 [sender.py:send_request():409] send_request: defer
2025-08-31 12:08:59,008 INFO    SenderThread:4180633 [sender.py:send_request_defer():613] handle sender defer: 9
2025-08-31 12:08:59,008 INFO    SenderThread:4180633 [dir_watcher.py:finish():358] shutting down directory watcher
2025-08-31 12:08:59,568 INFO    SenderThread:4180633 [dir_watcher.py:finish():388] scan: /data0/lumina/weijie/Robotwin_hpt/RoboTwin/policy/HPT/wandb/run-20250831_120842-nnswwkgw/files
2025-08-31 12:08:59,568 INFO    SenderThread:4180633 [dir_watcher.py:finish():402] scan save: /data0/lumina/weijie/Robotwin_hpt/RoboTwin/policy/HPT/wandb/run-20250831_120842-nnswwkgw/files/requirements.txt requirements.txt
2025-08-31 12:08:59,569 INFO    SenderThread:4180633 [dir_watcher.py:finish():402] scan save: /data0/lumina/weijie/Robotwin_hpt/RoboTwin/policy/HPT/wandb/run-20250831_120842-nnswwkgw/files/conda-environment.yaml conda-environment.yaml
2025-08-31 12:08:59,569 INFO    SenderThread:4180633 [dir_watcher.py:finish():402] scan save: /data0/lumina/weijie/Robotwin_hpt/RoboTwin/policy/HPT/wandb/run-20250831_120842-nnswwkgw/files/config.yaml config.yaml
2025-08-31 12:08:59,572 INFO    SenderThread:4180633 [dir_watcher.py:finish():402] scan save: /data0/lumina/weijie/Robotwin_hpt/RoboTwin/policy/HPT/wandb/run-20250831_120842-nnswwkgw/files/wandb-metadata.json wandb-metadata.json
2025-08-31 12:08:59,572 INFO    SenderThread:4180633 [dir_watcher.py:finish():402] scan save: /data0/lumina/weijie/Robotwin_hpt/RoboTwin/policy/HPT/wandb/run-20250831_120842-nnswwkgw/files/wandb-summary.json wandb-summary.json
2025-08-31 12:08:59,573 INFO    SenderThread:4180633 [dir_watcher.py:finish():402] scan save: /data0/lumina/weijie/Robotwin_hpt/RoboTwin/policy/HPT/wandb/run-20250831_120842-nnswwkgw/files/output.log output.log
2025-08-31 12:08:59,573 INFO    SenderThread:4180633 [sender.py:transition_state():617] send defer: 10
2025-08-31 12:08:59,574 DEBUG   HandlerThread:4180633 [handler.py:handle_request():146] handle_request: defer
2025-08-31 12:08:59,574 INFO    HandlerThread:4180633 [handler.py:handle_request_defer():172] handle defer: 10
2025-08-31 12:08:59,576 DEBUG   SenderThread:4180633 [sender.py:send_request():409] send_request: defer
2025-08-31 12:08:59,576 INFO    SenderThread:4180633 [sender.py:send_request_defer():613] handle sender defer: 10
2025-08-31 12:08:59,577 INFO    SenderThread:4180633 [file_pusher.py:finish():175] shutting down file pusher
2025-08-31 12:09:00,159 INFO    wandb-upload_0:4180633 [upload_job.py:push():131] Uploaded file /data0/lumina/weijie/Robotwin_hpt/RoboTwin/policy/HPT/wandb/run-20250831_120842-nnswwkgw/files/requirements.txt
2025-08-31 12:09:00,353 ERROR   wandb-upload_2:4180633 [internal_api.py:upload_file():2761] upload_file exception https://storage.googleapis.com/wandb-production.appspot.com/wanweijie2005-/hpt-transfer/nnswwkgw/config.yaml?X-Goog-Algorithm=GOOG4-RSA-SHA256&X-Goog-Credential=gorilla-files-url-signer-man%40wandb-production.iam.gserviceaccount.com%2F20250831%2Fauto%2Fstorage%2Fgoog4_request&X-Goog-Date=20250831T040859Z&X-Goog-Expires=86399&X-Goog-Signature=25baef36e60fa0c78e70c07bdf3611e9f38e31274ea4bd9056384722161b78c97121e5dc9ddc05f03762316d38d44e9df4117e93fb4e15168b3f63c7cc0733f41e8d12058ce9c48866a351a3ae67e5ced5034b6b7aa7cf1371d4f0b46cfcf49e082ecee1526443d8f8c2034eb7e97a9da24b82618c3f52949dc41eb4d39f942b9be4fa9ca7cbe13ceb1be9d38c12af989e1f1d9880f1aa006cc58a276c0b0773c2e1c614ad8e508705fd16a91a4eb19b2f4dc53fdfc5f0340121cff88d150135e34d9f5d495979115f29a90213cd37b919bab0b5cbff625daa54720c93e1b165a99cec86666121471fa1bdd2a38467f7f386d185c6d560e567706a2fa2b74b6b&X-Goog-SignedHeaders=host&X-User=wanweijie2005: ('Connection aborted.', ConnectionResetError(104, 'Connection reset by peer'))
2025-08-31 12:09:00,354 ERROR   wandb-upload_2:4180633 [internal_api.py:upload_file():2763] upload_file request headers: {'User-Agent': 'python-requests/2.32.5', 'Accept-Encoding': 'gzip, deflate, br, zstd', 'Accept': '*/*', 'Connection': 'keep-alive', 'Content-Length': '4405'}
2025-08-31 12:09:00,354 ERROR   wandb-upload_2:4180633 [internal_api.py:upload_file():2765] upload_file response body: 
2025-08-31 12:09:00,694 INFO    wandb-upload_4:4180633 [upload_job.py:push():131] Uploaded file /data0/lumina/weijie/Robotwin_hpt/RoboTwin/policy/HPT/wandb/run-20250831_120842-nnswwkgw/files/output.log
2025-08-31 12:09:00,971 INFO    wandb-upload_1:4180633 [upload_job.py:push():131] Uploaded file /data0/lumina/weijie/Robotwin_hpt/RoboTwin/policy/HPT/wandb/run-20250831_120842-nnswwkgw/files/conda-environment.yaml
2025-08-31 12:09:01,172 DEBUG   HandlerThread:4180633 [handler.py:handle_request():146] handle_request: keepalive
2025-08-31 12:09:01,879 INFO    wandb-upload_2:4180633 [upload_job.py:push():131] Uploaded file /data0/lumina/weijie/Robotwin_hpt/RoboTwin/policy/HPT/wandb/run-20250831_120842-nnswwkgw/files/config.yaml
2025-08-31 12:09:03,578 DEBUG   HandlerThread:4180633 [handler.py:handle_request():146] handle_request: status_report
2025-08-31 12:09:04,568 INFO    wandb-upload_3:4180633 [retry.py:__call__():172] Retry attempt failed:
Traceback (most recent call last):
  File "/home/lumina/miniconda3/envs/weijie_hpt/lib/python3.10/site-packages/urllib3/connectionpool.py", line 773, in urlopen
    self._prepare_proxy(conn)
  File "/home/lumina/miniconda3/envs/weijie_hpt/lib/python3.10/site-packages/urllib3/connectionpool.py", line 1042, in _prepare_proxy
    conn.connect()
  File "/home/lumina/miniconda3/envs/weijie_hpt/lib/python3.10/site-packages/urllib3/connection.py", line 790, in connect
    sock_and_verified = _ssl_wrap_socket_and_match_hostname(
  File "/home/lumina/miniconda3/envs/weijie_hpt/lib/python3.10/site-packages/urllib3/connection.py", line 969, in _ssl_wrap_socket_and_match_hostname
    ssl_sock = ssl_wrap_socket(
  File "/home/lumina/miniconda3/envs/weijie_hpt/lib/python3.10/site-packages/urllib3/util/ssl_.py", line 480, in ssl_wrap_socket
    ssl_sock = _ssl_wrap_socket_impl(sock, context, tls_in_tls, server_hostname)
  File "/home/lumina/miniconda3/envs/weijie_hpt/lib/python3.10/site-packages/urllib3/util/ssl_.py", line 524, in _ssl_wrap_socket_impl
    return ssl_context.wrap_socket(sock, server_hostname=server_hostname)
  File "/home/lumina/miniconda3/envs/weijie_hpt/lib/python3.10/ssl.py", line 513, in wrap_socket
    return self.sslsocket_class._create(
  File "/home/lumina/miniconda3/envs/weijie_hpt/lib/python3.10/ssl.py", line 1104, in _create
    self.do_handshake()
  File "/home/lumina/miniconda3/envs/weijie_hpt/lib/python3.10/ssl.py", line 1375, in do_handshake
    self._sslobj.do_handshake()
ConnectionResetError: [Errno 104] Connection reset by peer

During handling of the above exception, another exception occurred:

Traceback (most recent call last):
  File "/home/lumina/miniconda3/envs/weijie_hpt/lib/python3.10/site-packages/requests/adapters.py", line 644, in send
    resp = conn.urlopen(
  File "/home/lumina/miniconda3/envs/weijie_hpt/lib/python3.10/site-packages/urllib3/connectionpool.py", line 841, in urlopen
    retries = retries.increment(
  File "/home/lumina/miniconda3/envs/weijie_hpt/lib/python3.10/site-packages/urllib3/util/retry.py", line 474, in increment
    raise reraise(type(error), error, _stacktrace)
  File "/home/lumina/miniconda3/envs/weijie_hpt/lib/python3.10/site-packages/urllib3/util/util.py", line 38, in reraise
    raise value.with_traceback(tb)
  File "/home/lumina/miniconda3/envs/weijie_hpt/lib/python3.10/site-packages/urllib3/connectionpool.py", line 773, in urlopen
    self._prepare_proxy(conn)
  File "/home/lumina/miniconda3/envs/weijie_hpt/lib/python3.10/site-packages/urllib3/connectionpool.py", line 1042, in _prepare_proxy
    conn.connect()
  File "/home/lumina/miniconda3/envs/weijie_hpt/lib/python3.10/site-packages/urllib3/connection.py", line 790, in connect
    sock_and_verified = _ssl_wrap_socket_and_match_hostname(
  File "/home/lumina/miniconda3/envs/weijie_hpt/lib/python3.10/site-packages/urllib3/connection.py", line 969, in _ssl_wrap_socket_and_match_hostname
    ssl_sock = ssl_wrap_socket(
  File "/home/lumina/miniconda3/envs/weijie_hpt/lib/python3.10/site-packages/urllib3/util/ssl_.py", line 480, in ssl_wrap_socket
    ssl_sock = _ssl_wrap_socket_impl(sock, context, tls_in_tls, server_hostname)
  File "/home/lumina/miniconda3/envs/weijie_hpt/lib/python3.10/site-packages/urllib3/util/ssl_.py", line 524, in _ssl_wrap_socket_impl
    return ssl_context.wrap_socket(sock, server_hostname=server_hostname)
  File "/home/lumina/miniconda3/envs/weijie_hpt/lib/python3.10/ssl.py", line 513, in wrap_socket
    return self.sslsocket_class._create(
  File "/home/lumina/miniconda3/envs/weijie_hpt/lib/python3.10/ssl.py", line 1104, in _create
    self.do_handshake()
  File "/home/lumina/miniconda3/envs/weijie_hpt/lib/python3.10/ssl.py", line 1375, in do_handshake
    self._sslobj.do_handshake()
urllib3.exceptions.ProtocolError: ('Connection aborted.', ConnectionResetError(104, 'Connection reset by peer'))

During handling of the above exception, another exception occurred:

Traceback (most recent call last):
  File "/home/lumina/miniconda3/envs/weijie_hpt/lib/python3.10/site-packages/wandb/sdk/lib/retry.py", line 131, in __call__
    result = self._call_fn(*args, **kwargs)
  File "/home/lumina/miniconda3/envs/weijie_hpt/lib/python3.10/site-packages/wandb/sdk/internal/internal_api.py", line 369, in execute
    return self.client.execute(*args, **kwargs)  # type: ignore
  File "/home/lumina/miniconda3/envs/weijie_hpt/lib/python3.10/site-packages/wandb/vendor/gql-0.2.0/wandb_gql/client.py", line 52, in execute
    result = self._get_result(document, *args, **kwargs)
  File "/home/lumina/miniconda3/envs/weijie_hpt/lib/python3.10/site-packages/wandb/vendor/gql-0.2.0/wandb_gql/client.py", line 60, in _get_result
    return self.transport.execute(document, *args, **kwargs)
  File "/home/lumina/miniconda3/envs/weijie_hpt/lib/python3.10/site-packages/wandb/sdk/lib/gql_request.py", line 58, in execute
    request = self.session.post(self.url, **post_args)
  File "/home/lumina/miniconda3/envs/weijie_hpt/lib/python3.10/site-packages/requests/sessions.py", line 637, in post
    return self.request("POST", url, data=data, json=json, **kwargs)
  File "/home/lumina/miniconda3/envs/weijie_hpt/lib/python3.10/site-packages/requests/sessions.py", line 589, in request
    resp = self.send(prep, **send_kwargs)
  File "/home/lumina/miniconda3/envs/weijie_hpt/lib/python3.10/site-packages/requests/sessions.py", line 703, in send
    r = adapter.send(request, **kwargs)
  File "/home/lumina/miniconda3/envs/weijie_hpt/lib/python3.10/site-packages/requests/adapters.py", line 659, in send
    raise ConnectionError(err, request=request)
requests.exceptions.ConnectionError: ('Connection aborted.', ConnectionResetError(104, 'Connection reset by peer'))
2025-08-31 12:09:06,175 DEBUG   HandlerThread:4180633 [handler.py:handle_request():146] handle_request: keepalive
2025-08-31 12:09:08,578 DEBUG   HandlerThread:4180633 [handler.py:handle_request():146] handle_request: status_report
2025-08-31 12:09:11,178 DEBUG   HandlerThread:4180633 [handler.py:handle_request():146] handle_request: keepalive
2025-08-31 12:09:13,579 DEBUG   HandlerThread:4180633 [handler.py:handle_request():146] handle_request: status_report
2025-08-31 12:09:16,181 DEBUG   HandlerThread:4180633 [handler.py:handle_request():146] handle_request: keepalive
2025-08-31 12:09:18,580 DEBUG   HandlerThread:4180633 [handler.py:handle_request():146] handle_request: status_report
2025-08-31 12:09:20,183 INFO    wandb-upload_3:4180633 [upload_job.py:push():131] Uploaded file /data0/lumina/weijie/Robotwin_hpt/RoboTwin/policy/HPT/wandb/run-20250831_120842-nnswwkgw/files/wandb-summary.json
2025-08-31 12:09:20,384 INFO    Thread-11 (_thread_body):4180633 [sender.py:transition_state():617] send defer: 11
2025-08-31 12:09:20,385 DEBUG   HandlerThread:4180633 [handler.py:handle_request():146] handle_request: defer
2025-08-31 12:09:20,385 INFO    HandlerThread:4180633 [handler.py:handle_request_defer():172] handle defer: 11
2025-08-31 12:09:20,386 DEBUG   SenderThread:4180633 [sender.py:send_request():409] send_request: defer
2025-08-31 12:09:20,386 INFO    SenderThread:4180633 [sender.py:send_request_defer():613] handle sender defer: 11
2025-08-31 12:09:20,386 INFO    SenderThread:4180633 [file_pusher.py:join():181] waiting for file pusher
2025-08-31 12:09:20,386 INFO    SenderThread:4180633 [sender.py:transition_state():617] send defer: 12
2025-08-31 12:09:20,386 DEBUG   HandlerThread:4180633 [handler.py:handle_request():146] handle_request: defer
2025-08-31 12:09:20,386 INFO    HandlerThread:4180633 [handler.py:handle_request_defer():172] handle defer: 12
2025-08-31 12:09:20,387 DEBUG   SenderThread:4180633 [sender.py:send_request():409] send_request: defer
2025-08-31 12:09:20,387 INFO    SenderThread:4180633 [sender.py:send_request_defer():613] handle sender defer: 12
2025-08-31 12:09:20,387 INFO    SenderThread:4180633 [file_stream.py:finish():595] file stream finish called
2025-08-31 12:09:20,648 INFO    SenderThread:4180633 [file_stream.py:finish():599] file stream finish is done
2025-08-31 12:09:20,648 INFO    SenderThread:4180633 [sender.py:transition_state():617] send defer: 13
2025-08-31 12:09:20,648 DEBUG   HandlerThread:4180633 [handler.py:handle_request():146] handle_request: defer
2025-08-31 12:09:20,649 INFO    HandlerThread:4180633 [handler.py:handle_request_defer():172] handle defer: 13
2025-08-31 12:09:20,649 DEBUG   SenderThread:4180633 [sender.py:send_request():409] send_request: defer
2025-08-31 12:09:20,649 INFO    SenderThread:4180633 [sender.py:send_request_defer():613] handle sender defer: 13
2025-08-31 12:09:20,649 INFO    SenderThread:4180633 [sender.py:transition_state():617] send defer: 14
2025-08-31 12:09:20,649 DEBUG   HandlerThread:4180633 [handler.py:handle_request():146] handle_request: defer
2025-08-31 12:09:20,649 INFO    HandlerThread:4180633 [handler.py:handle_request_defer():172] handle defer: 14
2025-08-31 12:09:20,650 DEBUG   SenderThread:4180633 [sender.py:send():382] send: final
2025-08-31 12:09:20,650 DEBUG   SenderThread:4180633 [sender.py:send():382] send: footer
2025-08-31 12:09:20,650 DEBUG   SenderThread:4180633 [sender.py:send_request():409] send_request: defer
2025-08-31 12:09:20,650 INFO    SenderThread:4180633 [sender.py:send_request_defer():613] handle sender defer: 14
2025-08-31 12:09:20,651 DEBUG   HandlerThread:4180633 [handler.py:handle_request():146] handle_request: poll_exit
2025-08-31 12:09:20,652 DEBUG   SenderThread:4180633 [sender.py:send_request():409] send_request: poll_exit
2025-08-31 12:09:20,652 DEBUG   HandlerThread:4180633 [handler.py:handle_request():146] handle_request: server_info
2025-08-31 12:09:20,652 DEBUG   SenderThread:4180633 [sender.py:send_request():409] send_request: server_info
2025-08-31 12:09:20,654 DEBUG   HandlerThread:4180633 [handler.py:handle_request():146] handle_request: get_summary
2025-08-31 12:09:20,654 DEBUG   HandlerThread:4180633 [handler.py:handle_request():146] handle_request: sampled_history
2025-08-31 12:09:20,655 DEBUG   HandlerThread:4180633 [handler.py:handle_request():146] handle_request: internal_messages
2025-08-31 12:09:20,655 DEBUG   HandlerThread:4180633 [handler.py:handle_request():146] handle_request: job_info
2025-08-31 12:09:20,884 DEBUG   SenderThread:4180633 [sender.py:send_request():409] send_request: job_info
2025-08-31 12:09:20,885 INFO    MainThread:4180633 [wandb_run.py:_footer_history_summary_info():3837] rendering history
2025-08-31 12:09:20,885 INFO    MainThread:4180633 [wandb_run.py:_footer_history_summary_info():3869] rendering summary
2025-08-31 12:09:20,886 INFO    MainThread:4180633 [wandb_run.py:_footer_sync_info():3796] logging synced files
2025-08-31 12:09:20,886 DEBUG   HandlerThread:4180633 [handler.py:handle_request():146] handle_request: shutdown
2025-08-31 12:09:20,886 INFO    HandlerThread:4180633 [handler.py:finish():866] shutting down handler
2025-08-31 12:09:21,655 INFO    WriterThread:4180633 [datastore.py:close():294] close: /data0/lumina/weijie/Robotwin_hpt/RoboTwin/policy/HPT/wandb/run-20250831_120842-nnswwkgw/run-nnswwkgw.wandb
2025-08-31 12:09:21,885 INFO    SenderThread:4180633 [sender.py:finish():1548] shutting down sender
2025-08-31 12:09:21,885 INFO    SenderThread:4180633 [file_pusher.py:finish():175] shutting down file pusher
2025-08-31 12:09:21,885 INFO    SenderThread:4180633 [file_pusher.py:join():181] waiting for file pusher
