2025-09-01 16:54:06,926 INFO    StreamThr :1404874 [internal.py:wandb_internal():86] W&B internal server running at pid: 1404874, started at: 2025-09-01 16:54:06.926166
2025-09-01 16:54:06,930 DEBUG   HandlerThread:1404874 [handler.py:handle_request():146] handle_request: status
2025-09-01 16:54:06,932 INFO    WriterThread:1404874 [datastore.py:open_for_write():85] open: /data0/lumina/weijie/Robotwin_hpt/RoboTwin/policy/HPT/wandb/run-20250901_165406-foe21oe8/run-foe21oe8.wandb
2025-09-01 16:54:06,933 DEBUG   SenderThread:1404874 [sender.py:send():382] send: header
2025-09-01 16:54:06,934 DEBUG   SenderThread:1404874 [sender.py:send():382] send: run
2025-09-01 16:54:06,942 INFO    SenderThread:1404874 [sender.py:_maybe_setup_resume():763] checking resume status for None/hpt-transfer/foe21oe8
2025-09-01 16:54:09,297 INFO    SenderThread:1404874 [dir_watcher.py:__init__():211] watching files in: /data0/lumina/weijie/Robotwin_hpt/RoboTwin/policy/HPT/wandb/run-20250901_165406-foe21oe8/files
2025-09-01 16:54:09,298 INFO    SenderThread:1404874 [sender.py:_start_run_threads():1136] run started: foe21oe8 with start time 1756716846.924881
2025-09-01 16:54:09,304 DEBUG   HandlerThread:1404874 [handler.py:handle_request():146] handle_request: check_version
2025-09-01 16:54:09,304 DEBUG   SenderThread:1404874 [sender.py:send_request():409] send_request: check_version
2025-09-01 16:54:09,574 DEBUG   HandlerThread:1404874 [handler.py:handle_request():146] handle_request: run_start
2025-09-01 16:54:09,585 DEBUG   HandlerThread:1404874 [system_info.py:__init__():32] System info init
2025-09-01 16:54:09,585 DEBUG   HandlerThread:1404874 [system_info.py:__init__():47] System info init done
2025-09-01 16:54:09,585 INFO    HandlerThread:1404874 [system_monitor.py:start():194] Starting system monitor
2025-09-01 16:54:09,586 INFO    SystemMonitor:1404874 [system_monitor.py:_start():158] Starting system asset monitoring threads
2025-09-01 16:54:09,587 INFO    HandlerThread:1404874 [system_monitor.py:probe():214] Collecting system info
2025-09-01 16:54:09,587 INFO    SystemMonitor:1404874 [interfaces.py:start():190] Started cpu monitoring
2025-09-01 16:54:09,589 INFO    SystemMonitor:1404874 [interfaces.py:start():190] Started disk monitoring
2025-09-01 16:54:09,589 INFO    SystemMonitor:1404874 [interfaces.py:start():190] Started gpu monitoring
2025-09-01 16:54:09,590 INFO    SystemMonitor:1404874 [interfaces.py:start():190] Started memory monitoring
2025-09-01 16:54:09,591 INFO    SystemMonitor:1404874 [interfaces.py:start():190] Started network monitoring
2025-09-01 16:54:09,636 DEBUG   HandlerThread:1404874 [system_info.py:probe():196] Probing system
2025-09-01 16:54:09,637 DEBUG   HandlerThread:1404874 [system_info.py:_probe_git():181] Probing git
2025-09-01 16:54:09,646 DEBUG   HandlerThread:1404874 [system_info.py:_probe_git():189] Probing git done
2025-09-01 16:54:09,646 DEBUG   HandlerThread:1404874 [system_info.py:probe():244] Probing system done
2025-09-01 16:54:09,646 DEBUG   HandlerThread:1404874 [system_monitor.py:probe():223] {'os': 'Linux-6.8.0-65-generic-x86_64-with-glibc2.35', 'python': '3.10.18', 'heartbeatAt': '2025-09-01T08:54:09.636284', 'startedAt': '2025-09-01T08:54:06.920806', 'docker': None, 'cuda': None, 'args': (), 'state': 'running', 'program': '/data0/lumina/weijie/Robotwin_hpt/RoboTwin/policy/HPT/train.py', 'codePathLocal': 'train.py', 'codePath': 'RoboTwin/policy/HPT/train.py', 'git': {'remote': 'https://github.com/ZixuanLi2004/Robotwin_hpt.git', 'commit': '916e51b13b2936933d1ad1ceb61024df3a193d2f'}, 'email': 'jiawei2006@gmail.com', 'root': '/data0/lumina/weijie/Robotwin_hpt', 'host': 'ubun', 'username': 'lumina', 'executable': '/home/lumina/miniconda3/envs/weijie_hpt/bin/python3', 'cpu_count': 64, 'cpu_count_logical': 128, 'cpu_freq': {'current': 1031.80878125, 'min': 800.0, 'max': 3400.0}, 'cpu_freq_per_core': [{'current': 2600.0, 'min': 800.0, 'max': 3400.0}, {'current': 800.0, 'min': 800.0, 'max': 3400.0}, {'current': 2600.026, 'min': 800.0, 'max': 3400.0}, {'current': 800.0, 'min': 800.0, 'max': 3400.0}, {'current': 800.0, 'min': 800.0, 'max': 3400.0}, {'current': 800.0, 'min': 800.0, 'max': 3400.0}, {'current': 800.0, 'min': 800.0, 'max': 3400.0}, {'current': 2600.0, 'min': 800.0, 'max': 3400.0}, {'current': 800.0, 'min': 800.0, 'max': 3400.0}, {'current': 800.0, 'min': 800.0, 'max': 3400.0}, {'current': 2599.973, 'min': 800.0, 'max': 3400.0}, {'current': 800.0, 'min': 800.0, 'max': 3400.0}, {'current': 800.0, 'min': 800.0, 'max': 3400.0}, {'current': 800.0, 'min': 800.0, 'max': 3400.0}, {'current': 800.0, 'min': 800.0, 'max': 3400.0}, {'current': 800.0, 'min': 800.0, 'max': 3400.0}, {'current': 800.0, 'min': 800.0, 'max': 3400.0}, {'current': 800.0, 'min': 800.0, 'max': 3400.0}, {'current': 800.0, 'min': 800.0, 'max': 3400.0}, {'current': 800.0, 'min': 800.0, 'max': 3400.0}, {'current': 800.0, 'min': 800.0, 'max': 3400.0}, {'current': 800.0, 'min': 800.0, 'max': 3400.0}, {'current': 800.0, 'min': 800.0, 'max': 3400.0}, {'current': 2600.0, 'min': 800.0, 'max': 3400.0}, {'current': 800.0, 'min': 800.0, 'max': 3400.0}, {'current': 800.0, 'min': 800.0, 'max': 3400.0}, {'current': 800.0, 'min': 800.0, 'max': 3400.0}, {'current': 2100.021, 'min': 800.0, 'max': 3400.0}, {'current': 800.0, 'min': 800.0, 'max': 3400.0}, {'current': 800.0, 'min': 800.0, 'max': 3400.0}, {'current': 800.0, 'min': 800.0, 'max': 3400.0}, {'current': 800.0, 'min': 800.0, 'max': 3400.0}, {'current': 800.0, 'min': 800.0, 'max': 3400.0}, {'current': 800.0, 'min': 800.0, 'max': 3400.0}, {'current': 800.0, 'min': 800.0, 'max': 3400.0}, {'current': 820.352, 'min': 800.0, 'max': 3400.0}, {'current': 791.541, 'min': 800.0, 'max': 3400.0}, {'current': 800.0, 'min': 800.0, 'max': 3400.0}, {'current': 800.0, 'min': 800.0, 'max': 3400.0}, {'current': 800.0, 'min': 800.0, 'max': 3400.0}, {'current': 800.0, 'min': 800.0, 'max': 3400.0}, {'current': 800.0, 'min': 800.0, 'max': 3400.0}, {'current': 2600.0, 'min': 800.0, 'max': 3400.0}, {'current': 949.399, 'min': 800.0, 'max': 3400.0}, {'current': 2037.008, 'min': 800.0, 'max': 3400.0}, {'current': 800.0, 'min': 800.0, 'max': 3400.0}, {'current': 761.702, 'min': 800.0, 'max': 3400.0}, {'current': 800.0, 'min': 800.0, 'max': 3400.0}, {'current': 800.0, 'min': 800.0, 'max': 3400.0}, {'current': 800.0, 'min': 800.0, 'max': 3400.0}, {'current': 800.0, 'min': 800.0, 'max': 3400.0}, {'current': 800.0, 'min': 800.0, 'max': 3400.0}, {'current': 800.0, 'min': 800.0, 'max': 3400.0}, {'current': 800.0, 'min': 800.0, 'max': 3400.0}, {'current': 800.0, 'min': 800.0, 'max': 3400.0}, {'current': 798.754, 'min': 800.0, 'max': 3400.0}, {'current': 800.0, 'min': 800.0, 'max': 3400.0}, {'current': 800.0, 'min': 800.0, 'max': 3400.0}, {'current': 769.545, 'min': 800.0, 'max': 3400.0}, {'current': 800.0, 'min': 800.0, 'max': 3400.0}, {'current': 800.0, 'min': 800.0, 'max': 3400.0}, {'current': 800.0, 'min': 800.0, 'max': 3400.0}, {'current': 1932.27, 'min': 800.0, 'max': 3400.0}, {'current': 800.0, 'min': 800.0, 'max': 3400.0}, {'current': 2600.0, 'min': 800.0, 'max': 3400.0}, {'current': 2600.026, 'min': 800.0, 'max': 3400.0}, {'current': 800.0, 'min': 800.0, 'max': 3400.0}, {'current': 800.0, 'min': 800.0, 'max': 3400.0}, {'current': 800.0, 'min': 800.0, 'max': 3400.0}, {'current': 800.0, 'min': 800.0, 'max': 3400.0}, {'current': 778.194, 'min': 800.0, 'max': 3400.0}, {'current': 800.0, 'min': 800.0, 'max': 3400.0}, {'current': 800.0, 'min': 800.0, 'max': 3400.0}, {'current': 2600.0, 'min': 800.0, 'max': 3400.0}, {'current': 800.0, 'min': 800.0, 'max': 3400.0}, {'current': 800.0, 'min': 800.0, 'max': 3400.0}, {'current': 800.0, 'min': 800.0, 'max': 3400.0}, {'current': 800.0, 'min': 800.0, 'max': 3400.0}, {'current': 800.0, 'min': 800.0, 'max': 3400.0}, {'current': 800.0, 'min': 800.0, 'max': 3400.0}, {'current': 800.0, 'min': 800.0, 'max': 3400.0}, {'current': 800.0, 'min': 800.0, 'max': 3400.0}, {'current': 800.0, 'min': 800.0, 'max': 3400.0}, {'current': 800.0, 'min': 800.0, 'max': 3400.0}, {'current': 800.0, 'min': 800.0, 'max': 3400.0}, {'current': 800.0, 'min': 800.0, 'max': 3400.0}, {'current': 800.0, 'min': 800.0, 'max': 3400.0}, {'current': 800.0, 'min': 800.0, 'max': 3400.0}, {'current': 800.0, 'min': 800.0, 'max': 3400.0}, {'current': 800.0, 'min': 800.0, 'max': 3400.0}, {'current': 800.0, 'min': 800.0, 'max': 3400.0}, {'current': 800.0, 'min': 800.0, 'max': 3400.0}, {'current': 800.0, 'min': 800.0, 'max': 3400.0}, {'current': 800.0, 'min': 800.0, 'max': 3400.0}, {'current': 800.0, 'min': 800.0, 'max': 3400.0}, {'current': 800.0, 'min': 800.0, 'max': 3400.0}, {'current': 800.0, 'min': 800.0, 'max': 3400.0}, {'current': 800.0, 'min': 800.0, 'max': 3400.0}, {'current': 800.0, 'min': 800.0, 'max': 3400.0}, {'current': 800.0, 'min': 800.0, 'max': 3400.0}, {'current': 800.0, 'min': 800.0, 'max': 3400.0}, {'current': 2600.0, 'min': 800.0, 'max': 3400.0}, {'current': 791.348, 'min': 800.0, 'max': 3400.0}, {'current': 2600.026, 'min': 800.0, 'max': 3400.0}, {'current': 800.0, 'min': 800.0, 'max': 3400.0}, {'current': 800.0, 'min': 800.0, 'max': 3400.0}, {'current': 800.0, 'min': 800.0, 'max': 3400.0}, {'current': 800.0, 'min': 800.0, 'max': 3400.0}, {'current': 800.0, 'min': 800.0, 'max': 3400.0}, {'current': 800.0, 'min': 800.0, 'max': 3400.0}, {'current': 800.0, 'min': 800.0, 'max': 3400.0}, {'current': 800.0, 'min': 800.0, 'max': 3400.0}, {'current': 800.0, 'min': 800.0, 'max': 3400.0}, {'current': 796.403, 'min': 800.0, 'max': 3400.0}, {'current': 772.67, 'min': 800.0, 'max': 3400.0}, {'current': 800.0, 'min': 800.0, 'max': 3400.0}, {'current': 800.0, 'min': 800.0, 'max': 3400.0}, {'current': 767.594, 'min': 800.0, 'max': 3400.0}, {'current': 800.0, 'min': 800.0, 'max': 3400.0}, {'current': 800.0, 'min': 800.0, 'max': 3400.0}, {'current': 800.0, 'min': 800.0, 'max': 3400.0}, {'current': 800.0, 'min': 800.0, 'max': 3400.0}, {'current': 800.0, 'min': 800.0, 'max': 3400.0}, {'current': 800.0, 'min': 800.0, 'max': 3400.0}, {'current': 800.0, 'min': 800.0, 'max': 3400.0}, {'current': 800.0, 'min': 800.0, 'max': 3400.0}, {'current': 800.0, 'min': 800.0, 'max': 3400.0}, {'current': 992.061, 'min': 800.0, 'max': 3400.0}], 'disk': {'/': {'total': 1758.3374824523926, 'used': 1584.5080299377441}}, 'gpu': 'NVIDIA GeForce RTX 4090', 'gpu_count': 8, 'gpu_devices': [{'name': 'NVIDIA GeForce RTX 4090', 'memory_total': 25757220864}, {'name': 'NVIDIA GeForce RTX 4090', 'memory_total': 25757220864}, {'name': 'NVIDIA GeForce RTX 4090', 'memory_total': 25757220864}, {'name': 'NVIDIA GeForce RTX 4090', 'memory_total': 25757220864}, {'name': 'NVIDIA GeForce RTX 4090', 'memory_total': 25757220864}, {'name': 'NVIDIA GeForce RTX 4090', 'memory_total': 25757220864}, {'name': 'NVIDIA GeForce RTX 4090', 'memory_total': 25757220864}, {'name': 'NVIDIA GeForce RTX 4090', 'memory_total': 25757220864}], 'memory': {'total': 1007.5125045776367}}
2025-09-01 16:54:09,647 INFO    HandlerThread:1404874 [system_monitor.py:probe():224] Finished collecting system info
2025-09-01 16:54:09,647 INFO    HandlerThread:1404874 [system_monitor.py:probe():227] Publishing system info
2025-09-01 16:54:09,647 DEBUG   HandlerThread:1404874 [system_info.py:_save_pip():52] Saving list of pip packages installed into the current environment
2025-09-01 16:54:09,647 DEBUG   HandlerThread:1404874 [system_info.py:_save_pip():68] Saving pip packages done
2025-09-01 16:54:09,647 DEBUG   HandlerThread:1404874 [system_info.py:_save_conda():75] Saving list of conda packages installed into the current environment
2025-09-01 16:54:10,301 INFO    Thread-12 :1404874 [dir_watcher.py:_on_file_created():271] file/dir created: /data0/lumina/weijie/Robotwin_hpt/RoboTwin/policy/HPT/wandb/run-20250901_165406-foe21oe8/files/requirements.txt
2025-09-01 16:54:10,302 INFO    Thread-12 :1404874 [dir_watcher.py:_on_file_created():271] file/dir created: /data0/lumina/weijie/Robotwin_hpt/RoboTwin/policy/HPT/wandb/run-20250901_165406-foe21oe8/files/conda-environment.yaml
2025-09-01 16:54:14,116 DEBUG   HandlerThread:1404874 [system_info.py:_save_conda():87] Saving conda packages done
2025-09-01 16:54:14,118 INFO    HandlerThread:1404874 [system_monitor.py:probe():229] Finished publishing system info
2025-09-01 16:54:14,122 DEBUG   HandlerThread:1404874 [handler.py:handle_request():146] handle_request: status_report
2025-09-01 16:54:14,124 DEBUG   SenderThread:1404874 [sender.py:send():382] send: files
2025-09-01 16:54:14,124 INFO    SenderThread:1404874 [sender.py:_save_file():1392] saving file wandb-metadata.json with policy now
2025-09-01 16:54:14,129 DEBUG   HandlerThread:1404874 [handler.py:handle_request():146] handle_request: stop_status
2025-09-01 16:54:14,130 DEBUG   SenderThread:1404874 [sender.py:send_request():409] send_request: stop_status
2025-09-01 16:54:14,133 DEBUG   HandlerThread:1404874 [handler.py:handle_request():146] handle_request: internal_messages
2025-09-01 16:54:14,300 INFO    Thread-12 :1404874 [dir_watcher.py:_on_file_modified():288] file/dir modified: /data0/lumina/weijie/Robotwin_hpt/RoboTwin/policy/HPT/wandb/run-20250901_165406-foe21oe8/files/conda-environment.yaml
2025-09-01 16:54:14,301 INFO    Thread-12 :1404874 [dir_watcher.py:_on_file_created():271] file/dir created: /data0/lumina/weijie/Robotwin_hpt/RoboTwin/policy/HPT/wandb/run-20250901_165406-foe21oe8/files/wandb-metadata.json
2025-09-01 16:54:15,401 INFO    wandb-upload_0:1404874 [upload_job.py:push():131] Uploaded file /tmp/tmpmvr00h51wandb/fbm99nw7-wandb-metadata.json
2025-09-01 16:54:15,847 DEBUG   SenderThread:1404874 [sender.py:send():382] send: telemetry
2025-09-01 16:54:16,301 INFO    Thread-12 :1404874 [dir_watcher.py:_on_file_created():271] file/dir created: /data0/lumina/weijie/Robotwin_hpt/RoboTwin/policy/HPT/wandb/run-20250901_165406-foe21oe8/files/output.log
2025-09-01 16:54:17,850 DEBUG   HandlerThread:1404874 [handler.py:handle_request():146] handle_request: status_report
2025-09-01 16:54:18,302 INFO    Thread-12 :1404874 [dir_watcher.py:_on_file_modified():288] file/dir modified: /data0/lumina/weijie/Robotwin_hpt/RoboTwin/policy/HPT/wandb/run-20250901_165406-foe21oe8/files/output.log
2025-09-01 16:54:22,850 DEBUG   HandlerThread:1404874 [handler.py:handle_request():146] handle_request: status_report
2025-09-01 16:54:27,851 DEBUG   HandlerThread:1404874 [handler.py:handle_request():146] handle_request: status_report
2025-09-01 16:54:29,130 DEBUG   HandlerThread:1404874 [handler.py:handle_request():146] handle_request: stop_status
2025-09-01 16:54:29,131 DEBUG   HandlerThread:1404874 [handler.py:handle_request():146] handle_request: internal_messages
2025-09-01 16:54:29,132 DEBUG   SenderThread:1404874 [sender.py:send_request():409] send_request: stop_status
2025-09-01 16:54:33,296 DEBUG   HandlerThread:1404874 [handler.py:handle_request():146] handle_request: status_report
2025-09-01 16:54:34,309 INFO    Thread-12 :1404874 [dir_watcher.py:_on_file_modified():288] file/dir modified: /data0/lumina/weijie/Robotwin_hpt/RoboTwin/policy/HPT/wandb/run-20250901_165406-foe21oe8/files/output.log
2025-09-01 16:54:36,311 INFO    Thread-12 :1404874 [dir_watcher.py:_on_file_modified():288] file/dir modified: /data0/lumina/weijie/Robotwin_hpt/RoboTwin/policy/HPT/wandb/run-20250901_165406-foe21oe8/files/output.log
2025-09-01 16:54:38,854 DEBUG   HandlerThread:1404874 [handler.py:handle_request():146] handle_request: status_report
2025-09-01 16:54:39,312 INFO    Thread-12 :1404874 [dir_watcher.py:_on_file_modified():288] file/dir modified: /data0/lumina/weijie/Robotwin_hpt/RoboTwin/policy/HPT/wandb/run-20250901_165406-foe21oe8/files/config.yaml
2025-09-01 16:54:44,130 DEBUG   HandlerThread:1404874 [handler.py:handle_request():146] handle_request: stop_status
2025-09-01 16:54:44,131 DEBUG   HandlerThread:1404874 [handler.py:handle_request():146] handle_request: internal_messages
2025-09-01 16:54:44,131 DEBUG   SenderThread:1404874 [sender.py:send_request():409] send_request: stop_status
2025-09-01 16:54:44,466 DEBUG   HandlerThread:1404874 [handler.py:handle_request():146] handle_request: status_report
2025-09-01 16:54:49,469 DEBUG   HandlerThread:1404874 [handler.py:handle_request():146] handle_request: status_report
2025-09-01 16:54:54,470 DEBUG   HandlerThread:1404874 [handler.py:handle_request():146] handle_request: status_report
2025-09-01 16:54:59,132 DEBUG   HandlerThread:1404874 [handler.py:handle_request():146] handle_request: stop_status
2025-09-01 16:54:59,133 DEBUG   SenderThread:1404874 [sender.py:send_request():409] send_request: stop_status
2025-09-01 16:54:59,173 DEBUG   HandlerThread:1404874 [handler.py:handle_request():146] handle_request: internal_messages
2025-09-01 16:55:00,424 DEBUG   HandlerThread:1404874 [handler.py:handle_request():146] handle_request: status_report
2025-09-01 16:55:05,426 DEBUG   HandlerThread:1404874 [handler.py:handle_request():146] handle_request: status_report
2025-09-01 16:55:09,592 DEBUG   SystemMonitor:1404874 [system_monitor.py:_start():172] Starting system metrics aggregation loop
2025-09-01 16:55:09,602 DEBUG   SenderThread:1404874 [sender.py:send():382] send: stats
2025-09-01 16:55:10,603 DEBUG   HandlerThread:1404874 [handler.py:handle_request():146] handle_request: status_report
2025-09-01 16:55:14,134 DEBUG   HandlerThread:1404874 [handler.py:handle_request():146] handle_request: internal_messages
2025-09-01 16:55:14,139 DEBUG   HandlerThread:1404874 [handler.py:handle_request():146] handle_request: stop_status
2025-09-01 16:55:14,139 DEBUG   SenderThread:1404874 [sender.py:send_request():409] send_request: stop_status
2025-09-01 16:55:16,465 DEBUG   HandlerThread:1404874 [handler.py:handle_request():146] handle_request: status_report
2025-09-01 16:55:21,466 DEBUG   HandlerThread:1404874 [handler.py:handle_request():146] handle_request: status_report
2025-09-01 16:55:26,468 DEBUG   HandlerThread:1404874 [handler.py:handle_request():146] handle_request: status_report
2025-09-01 16:55:29,132 DEBUG   HandlerThread:1404874 [handler.py:handle_request():146] handle_request: internal_messages
2025-09-01 16:55:29,138 DEBUG   HandlerThread:1404874 [handler.py:handle_request():146] handle_request: stop_status
2025-09-01 16:55:29,138 DEBUG   SenderThread:1404874 [sender.py:send_request():409] send_request: stop_status
2025-09-01 16:55:31,469 DEBUG   HandlerThread:1404874 [handler.py:handle_request():146] handle_request: status_report
2025-09-01 16:55:36,475 DEBUG   HandlerThread:1404874 [handler.py:handle_request():146] handle_request: status_report
2025-09-01 16:55:39,599 DEBUG   SenderThread:1404874 [sender.py:send():382] send: stats
2025-09-01 16:55:41,602 DEBUG   HandlerThread:1404874 [handler.py:handle_request():146] handle_request: status_report
2025-09-01 16:55:44,133 DEBUG   HandlerThread:1404874 [handler.py:handle_request():146] handle_request: internal_messages
2025-09-01 16:55:44,140 DEBUG   HandlerThread:1404874 [handler.py:handle_request():146] handle_request: stop_status
2025-09-01 16:55:44,141 DEBUG   SenderThread:1404874 [sender.py:send_request():409] send_request: stop_status
2025-09-01 16:55:47,486 DEBUG   HandlerThread:1404874 [handler.py:handle_request():146] handle_request: status_report
2025-09-01 16:55:52,494 DEBUG   HandlerThread:1404874 [handler.py:handle_request():146] handle_request: status_report
2025-09-01 16:55:57,497 DEBUG   HandlerThread:1404874 [handler.py:handle_request():146] handle_request: status_report
2025-09-01 16:55:59,133 DEBUG   HandlerThread:1404874 [handler.py:handle_request():146] handle_request: internal_messages
2025-09-01 16:55:59,137 DEBUG   HandlerThread:1404874 [handler.py:handle_request():146] handle_request: stop_status
2025-09-01 16:55:59,137 DEBUG   SenderThread:1404874 [sender.py:send_request():409] send_request: stop_status
2025-09-01 16:56:03,427 DEBUG   HandlerThread:1404874 [handler.py:handle_request():146] handle_request: status_report
2025-09-01 16:56:08,428 DEBUG   HandlerThread:1404874 [handler.py:handle_request():146] handle_request: status_report
2025-09-01 16:56:09,602 DEBUG   SenderThread:1404874 [sender.py:send():382] send: stats
2025-09-01 16:56:13,606 DEBUG   HandlerThread:1404874 [handler.py:handle_request():146] handle_request: status_report
2025-09-01 16:56:14,133 DEBUG   HandlerThread:1404874 [handler.py:handle_request():146] handle_request: internal_messages
2025-09-01 16:56:14,137 DEBUG   HandlerThread:1404874 [handler.py:handle_request():146] handle_request: stop_status
2025-09-01 16:56:14,138 DEBUG   SenderThread:1404874 [sender.py:send_request():409] send_request: stop_status
2025-09-01 16:56:19,500 DEBUG   HandlerThread:1404874 [handler.py:handle_request():146] handle_request: status_report
2025-09-01 16:56:24,503 DEBUG   HandlerThread:1404874 [handler.py:handle_request():146] handle_request: status_report
2025-09-01 16:56:29,134 DEBUG   HandlerThread:1404874 [handler.py:handle_request():146] handle_request: internal_messages
2025-09-01 16:56:29,137 DEBUG   HandlerThread:1404874 [handler.py:handle_request():146] handle_request: stop_status
2025-09-01 16:56:29,138 DEBUG   SenderThread:1404874 [sender.py:send_request():409] send_request: stop_status
2025-09-01 16:56:29,602 DEBUG   HandlerThread:1404874 [handler.py:handle_request():146] handle_request: status_report
2025-09-01 16:56:34,603 DEBUG   HandlerThread:1404874 [handler.py:handle_request():146] handle_request: status_report
2025-09-01 16:56:39,606 DEBUG   SenderThread:1404874 [sender.py:send():382] send: stats
2025-09-01 16:56:39,618 DEBUG   HandlerThread:1404874 [handler.py:handle_request():146] handle_request: status_report
2025-09-01 16:56:44,140 DEBUG   HandlerThread:1404874 [handler.py:handle_request():146] handle_request: internal_messages
2025-09-01 16:56:44,140 DEBUG   HandlerThread:1404874 [handler.py:handle_request():146] handle_request: stop_status
2025-09-01 16:56:44,142 DEBUG   SenderThread:1404874 [sender.py:send_request():409] send_request: stop_status
2025-09-01 16:56:45,408 DEBUG   HandlerThread:1404874 [handler.py:handle_request():146] handle_request: status_report
2025-09-01 16:56:50,412 DEBUG   HandlerThread:1404874 [handler.py:handle_request():146] handle_request: status_report
2025-09-01 16:56:55,414 DEBUG   HandlerThread:1404874 [handler.py:handle_request():146] handle_request: status_report
2025-09-01 16:56:59,136 DEBUG   HandlerThread:1404874 [handler.py:handle_request():146] handle_request: internal_messages
2025-09-01 16:56:59,140 DEBUG   HandlerThread:1404874 [handler.py:handle_request():146] handle_request: stop_status
2025-09-01 16:56:59,140 DEBUG   SenderThread:1404874 [sender.py:send_request():409] send_request: stop_status
2025-09-01 16:57:00,502 DEBUG   HandlerThread:1404874 [handler.py:handle_request():146] handle_request: status_report
2025-09-01 16:57:05,502 DEBUG   HandlerThread:1404874 [handler.py:handle_request():146] handle_request: status_report
2025-09-01 16:57:09,650 DEBUG   SenderThread:1404874 [sender.py:send():382] send: stats
2025-09-01 16:57:10,652 DEBUG   HandlerThread:1404874 [handler.py:handle_request():146] handle_request: status_report
2025-09-01 16:57:14,141 DEBUG   HandlerThread:1404874 [handler.py:handle_request():146] handle_request: internal_messages
2025-09-01 16:57:14,147 DEBUG   HandlerThread:1404874 [handler.py:handle_request():146] handle_request: stop_status
2025-09-01 16:57:14,153 DEBUG   SenderThread:1404874 [sender.py:send_request():409] send_request: stop_status
2025-09-01 16:57:16,463 DEBUG   HandlerThread:1404874 [handler.py:handle_request():146] handle_request: status_report
2025-09-01 16:57:21,466 DEBUG   HandlerThread:1404874 [handler.py:handle_request():146] handle_request: status_report
2025-09-01 16:57:26,470 DEBUG   HandlerThread:1404874 [handler.py:handle_request():146] handle_request: status_report
2025-09-01 16:57:29,143 DEBUG   HandlerThread:1404874 [handler.py:handle_request():146] handle_request: internal_messages
2025-09-01 16:57:29,147 DEBUG   HandlerThread:1404874 [handler.py:handle_request():146] handle_request: stop_status
2025-09-01 16:57:29,147 DEBUG   SenderThread:1404874 [sender.py:send_request():409] send_request: stop_status
2025-09-01 16:57:31,697 DEBUG   HandlerThread:1404874 [handler.py:handle_request():146] handle_request: status_report
2025-09-01 16:57:36,701 DEBUG   HandlerThread:1404874 [handler.py:handle_request():146] handle_request: status_report
2025-09-01 16:57:39,613 DEBUG   SenderThread:1404874 [sender.py:send():382] send: stats
2025-09-01 16:57:42,617 DEBUG   HandlerThread:1404874 [handler.py:handle_request():146] handle_request: status_report
2025-09-01 16:57:44,140 DEBUG   HandlerThread:1404874 [handler.py:handle_request():146] handle_request: internal_messages
2025-09-01 16:57:44,147 DEBUG   HandlerThread:1404874 [handler.py:handle_request():146] handle_request: stop_status
2025-09-01 16:57:44,147 DEBUG   SenderThread:1404874 [sender.py:send_request():409] send_request: stop_status
2025-09-01 16:57:48,398 DEBUG   HandlerThread:1404874 [handler.py:handle_request():146] handle_request: status_report
2025-09-01 16:57:53,399 DEBUG   HandlerThread:1404874 [handler.py:handle_request():146] handle_request: status_report
2025-09-01 16:57:58,404 DEBUG   HandlerThread:1404874 [handler.py:handle_request():146] handle_request: status_report
2025-09-01 16:57:59,140 DEBUG   HandlerThread:1404874 [handler.py:handle_request():146] handle_request: internal_messages
2025-09-01 16:57:59,147 DEBUG   HandlerThread:1404874 [handler.py:handle_request():146] handle_request: stop_status
2025-09-01 16:57:59,147 DEBUG   SenderThread:1404874 [sender.py:send_request():409] send_request: stop_status
2025-09-01 16:58:03,457 DEBUG   HandlerThread:1404874 [handler.py:handle_request():146] handle_request: status_report
2025-09-01 16:58:08,458 DEBUG   HandlerThread:1404874 [handler.py:handle_request():146] handle_request: status_report
2025-09-01 16:58:09,615 DEBUG   SenderThread:1404874 [sender.py:send():382] send: stats
2025-09-01 16:58:13,617 DEBUG   HandlerThread:1404874 [handler.py:handle_request():146] handle_request: status_report
2025-09-01 16:58:14,140 DEBUG   HandlerThread:1404874 [handler.py:handle_request():146] handle_request: internal_messages
2025-09-01 16:58:14,147 DEBUG   HandlerThread:1404874 [handler.py:handle_request():146] handle_request: stop_status
2025-09-01 16:58:14,147 DEBUG   SenderThread:1404874 [sender.py:send_request():409] send_request: stop_status
2025-09-01 16:58:19,511 DEBUG   HandlerThread:1404874 [handler.py:handle_request():146] handle_request: status_report
2025-09-01 16:58:24,514 DEBUG   HandlerThread:1404874 [handler.py:handle_request():146] handle_request: status_report
2025-09-01 16:58:29,140 DEBUG   HandlerThread:1404874 [handler.py:handle_request():146] handle_request: internal_messages
2025-09-01 16:58:29,147 DEBUG   HandlerThread:1404874 [handler.py:handle_request():146] handle_request: stop_status
2025-09-01 16:58:29,148 DEBUG   SenderThread:1404874 [sender.py:send_request():409] send_request: stop_status
2025-09-01 16:58:30,487 DEBUG   HandlerThread:1404874 [handler.py:handle_request():146] handle_request: status_report
2025-09-01 16:58:35,496 DEBUG   HandlerThread:1404874 [handler.py:handle_request():146] handle_request: status_report
2025-09-01 16:58:39,618 DEBUG   SenderThread:1404874 [sender.py:send():382] send: stats
2025-09-01 16:58:40,620 DEBUG   HandlerThread:1404874 [handler.py:handle_request():146] handle_request: status_report
2025-09-01 16:58:44,146 DEBUG   HandlerThread:1404874 [handler.py:handle_request():146] handle_request: internal_messages
2025-09-01 16:58:44,149 DEBUG   HandlerThread:1404874 [handler.py:handle_request():146] handle_request: stop_status
2025-09-01 16:58:44,149 DEBUG   SenderThread:1404874 [sender.py:send_request():409] send_request: stop_status
2025-09-01 16:58:46,409 DEBUG   HandlerThread:1404874 [handler.py:handle_request():146] handle_request: status_report
2025-09-01 16:58:51,416 DEBUG   HandlerThread:1404874 [handler.py:handle_request():146] handle_request: status_report
2025-09-01 16:58:56,421 DEBUG   HandlerThread:1404874 [handler.py:handle_request():146] handle_request: status_report
2025-09-01 16:58:59,142 DEBUG   HandlerThread:1404874 [handler.py:handle_request():146] handle_request: internal_messages
2025-09-01 16:58:59,147 DEBUG   HandlerThread:1404874 [handler.py:handle_request():146] handle_request: stop_status
2025-09-01 16:58:59,147 DEBUG   SenderThread:1404874 [sender.py:send_request():409] send_request: stop_status
2025-09-01 16:59:01,499 DEBUG   HandlerThread:1404874 [handler.py:handle_request():146] handle_request: status_report
2025-09-01 16:59:06,507 DEBUG   HandlerThread:1404874 [handler.py:handle_request():146] handle_request: status_report
2025-09-01 16:59:09,629 DEBUG   SenderThread:1404874 [sender.py:send():382] send: stats
2025-09-01 16:59:11,630 DEBUG   HandlerThread:1404874 [handler.py:handle_request():146] handle_request: status_report
2025-09-01 16:59:14,142 DEBUG   HandlerThread:1404874 [handler.py:handle_request():146] handle_request: internal_messages
2025-09-01 16:59:14,147 DEBUG   HandlerThread:1404874 [handler.py:handle_request():146] handle_request: stop_status
2025-09-01 16:59:14,147 DEBUG   SenderThread:1404874 [sender.py:send_request():409] send_request: stop_status
2025-09-01 16:59:17,426 DEBUG   HandlerThread:1404874 [handler.py:handle_request():146] handle_request: status_report
2025-09-01 16:59:22,429 DEBUG   HandlerThread:1404874 [handler.py:handle_request():146] handle_request: status_report
2025-09-01 16:59:27,432 DEBUG   HandlerThread:1404874 [handler.py:handle_request():146] handle_request: status_report
2025-09-01 16:59:29,143 DEBUG   HandlerThread:1404874 [handler.py:handle_request():146] handle_request: internal_messages
2025-09-01 16:59:29,147 DEBUG   HandlerThread:1404874 [handler.py:handle_request():146] handle_request: stop_status
2025-09-01 16:59:29,148 DEBUG   SenderThread:1404874 [sender.py:send_request():409] send_request: stop_status
2025-09-01 16:59:32,438 DEBUG   HandlerThread:1404874 [handler.py:handle_request():146] handle_request: status_report
2025-09-01 16:59:37,440 DEBUG   HandlerThread:1404874 [handler.py:handle_request():146] handle_request: status_report
2025-09-01 16:59:39,633 DEBUG   SenderThread:1404874 [sender.py:send():382] send: stats
2025-09-01 16:59:42,638 DEBUG   HandlerThread:1404874 [handler.py:handle_request():146] handle_request: status_report
2025-09-01 16:59:44,148 DEBUG   HandlerThread:1404874 [handler.py:handle_request():146] handle_request: internal_messages
2025-09-01 16:59:44,151 DEBUG   HandlerThread:1404874 [handler.py:handle_request():146] handle_request: stop_status
2025-09-01 16:59:44,152 DEBUG   SenderThread:1404874 [sender.py:send_request():409] send_request: stop_status
2025-09-01 16:59:48,438 DEBUG   HandlerThread:1404874 [handler.py:handle_request():146] handle_request: status_report
2025-09-01 16:59:53,439 DEBUG   HandlerThread:1404874 [handler.py:handle_request():146] handle_request: status_report
2025-09-01 16:59:58,440 DEBUG   HandlerThread:1404874 [handler.py:handle_request():146] handle_request: status_report
2025-09-01 16:59:59,145 DEBUG   HandlerThread:1404874 [handler.py:handle_request():146] handle_request: internal_messages
2025-09-01 16:59:59,148 DEBUG   HandlerThread:1404874 [handler.py:handle_request():146] handle_request: stop_status
2025-09-01 16:59:59,148 DEBUG   SenderThread:1404874 [sender.py:send_request():409] send_request: stop_status
2025-09-01 17:00:04,406 DEBUG   HandlerThread:1404874 [handler.py:handle_request():146] handle_request: status_report
2025-09-01 17:00:09,407 DEBUG   HandlerThread:1404874 [handler.py:handle_request():146] handle_request: status_report
2025-09-01 17:00:09,673 DEBUG   SenderThread:1404874 [sender.py:send():382] send: stats
2025-09-01 17:00:14,145 DEBUG   HandlerThread:1404874 [handler.py:handle_request():146] handle_request: internal_messages
2025-09-01 17:00:14,148 DEBUG   HandlerThread:1404874 [handler.py:handle_request():146] handle_request: stop_status
2025-09-01 17:00:14,148 DEBUG   SenderThread:1404874 [sender.py:send_request():409] send_request: stop_status
2025-09-01 17:00:14,417 DEBUG   HandlerThread:1404874 [handler.py:handle_request():146] handle_request: status_report
2025-09-01 17:00:19,423 DEBUG   HandlerThread:1404874 [handler.py:handle_request():146] handle_request: status_report
2025-09-01 17:00:24,426 DEBUG   HandlerThread:1404874 [handler.py:handle_request():146] handle_request: status_report
2025-09-01 17:00:29,145 DEBUG   HandlerThread:1404874 [handler.py:handle_request():146] handle_request: internal_messages
2025-09-01 17:00:29,148 DEBUG   HandlerThread:1404874 [handler.py:handle_request():146] handle_request: stop_status
2025-09-01 17:00:29,149 DEBUG   SenderThread:1404874 [sender.py:send_request():409] send_request: stop_status
2025-09-01 17:00:29,496 DEBUG   HandlerThread:1404874 [handler.py:handle_request():146] handle_request: status_report
2025-09-01 17:00:34,497 DEBUG   HandlerThread:1404874 [handler.py:handle_request():146] handle_request: status_report
2025-09-01 17:00:39,498 DEBUG   HandlerThread:1404874 [handler.py:handle_request():146] handle_request: status_report
2025-09-01 17:00:39,630 DEBUG   SenderThread:1404874 [sender.py:send():382] send: stats
2025-09-01 17:00:44,145 DEBUG   HandlerThread:1404874 [handler.py:handle_request():146] handle_request: internal_messages
2025-09-01 17:00:44,148 DEBUG   HandlerThread:1404874 [handler.py:handle_request():146] handle_request: stop_status
2025-09-01 17:00:44,149 DEBUG   SenderThread:1404874 [sender.py:send_request():409] send_request: stop_status
2025-09-01 17:00:45,456 DEBUG   HandlerThread:1404874 [handler.py:handle_request():146] handle_request: status_report
2025-09-01 17:00:50,459 DEBUG   HandlerThread:1404874 [handler.py:handle_request():146] handle_request: status_report
2025-09-01 17:00:55,465 DEBUG   HandlerThread:1404874 [handler.py:handle_request():146] handle_request: status_report
2025-09-01 17:00:59,150 DEBUG   HandlerThread:1404874 [handler.py:handle_request():146] handle_request: internal_messages
2025-09-01 17:00:59,151 DEBUG   HandlerThread:1404874 [handler.py:handle_request():146] handle_request: stop_status
2025-09-01 17:00:59,152 DEBUG   SenderThread:1404874 [sender.py:send_request():409] send_request: stop_status
2025-09-01 17:01:01,415 DEBUG   HandlerThread:1404874 [handler.py:handle_request():146] handle_request: status_report
2025-09-01 17:01:06,418 DEBUG   HandlerThread:1404874 [handler.py:handle_request():146] handle_request: status_report
2025-09-01 17:01:09,635 DEBUG   SenderThread:1404874 [sender.py:send():382] send: stats
2025-09-01 17:01:11,637 DEBUG   HandlerThread:1404874 [handler.py:handle_request():146] handle_request: status_report
2025-09-01 17:01:14,145 DEBUG   HandlerThread:1404874 [handler.py:handle_request():146] handle_request: internal_messages
2025-09-01 17:01:14,151 DEBUG   HandlerThread:1404874 [handler.py:handle_request():146] handle_request: stop_status
2025-09-01 17:01:14,152 DEBUG   SenderThread:1404874 [sender.py:send_request():409] send_request: stop_status
2025-09-01 17:01:17,502 DEBUG   HandlerThread:1404874 [handler.py:handle_request():146] handle_request: status_report
2025-09-01 17:01:22,503 DEBUG   HandlerThread:1404874 [handler.py:handle_request():146] handle_request: status_report
2025-09-01 17:01:27,506 DEBUG   HandlerThread:1404874 [handler.py:handle_request():146] handle_request: status_report
2025-09-01 17:01:29,145 DEBUG   HandlerThread:1404874 [handler.py:handle_request():146] handle_request: internal_messages
2025-09-01 17:01:29,152 DEBUG   HandlerThread:1404874 [handler.py:handle_request():146] handle_request: stop_status
2025-09-01 17:01:29,152 DEBUG   SenderThread:1404874 [sender.py:send_request():409] send_request: stop_status
2025-09-01 17:01:33,467 DEBUG   HandlerThread:1404874 [handler.py:handle_request():146] handle_request: status_report
2025-09-01 17:01:38,469 DEBUG   HandlerThread:1404874 [handler.py:handle_request():146] handle_request: status_report
2025-09-01 17:01:39,635 DEBUG   SenderThread:1404874 [sender.py:send():382] send: stats
2025-09-01 17:01:43,637 DEBUG   HandlerThread:1404874 [handler.py:handle_request():146] handle_request: status_report
2025-09-01 17:01:44,145 DEBUG   HandlerThread:1404874 [handler.py:handle_request():146] handle_request: internal_messages
2025-09-01 17:01:44,151 DEBUG   HandlerThread:1404874 [handler.py:handle_request():146] handle_request: stop_status
2025-09-01 17:01:44,152 DEBUG   SenderThread:1404874 [sender.py:send_request():409] send_request: stop_status
2025-09-01 17:01:49,423 DEBUG   HandlerThread:1404874 [handler.py:handle_request():146] handle_request: status_report
2025-09-01 17:01:54,420 DEBUG   HandlerThread:1404874 [handler.py:handle_request():146] handle_request: status_report
2025-09-01 17:01:59,146 DEBUG   HandlerThread:1404874 [handler.py:handle_request():146] handle_request: internal_messages
2025-09-01 17:01:59,156 DEBUG   HandlerThread:1404874 [handler.py:handle_request():146] handle_request: stop_status
2025-09-01 17:01:59,156 DEBUG   SenderThread:1404874 [sender.py:send_request():409] send_request: stop_status
2025-09-01 17:02:00,412 DEBUG   HandlerThread:1404874 [handler.py:handle_request():146] handle_request: status_report
2025-09-01 17:02:05,414 DEBUG   HandlerThread:1404874 [handler.py:handle_request():146] handle_request: status_report
2025-09-01 17:02:09,638 DEBUG   SenderThread:1404874 [sender.py:send():382] send: stats
2025-09-01 17:02:10,639 DEBUG   HandlerThread:1404874 [handler.py:handle_request():146] handle_request: status_report
2025-09-01 17:02:14,146 DEBUG   HandlerThread:1404874 [handler.py:handle_request():146] handle_request: internal_messages
2025-09-01 17:02:14,154 DEBUG   HandlerThread:1404874 [handler.py:handle_request():146] handle_request: stop_status
2025-09-01 17:02:14,154 DEBUG   SenderThread:1404874 [sender.py:send_request():409] send_request: stop_status
2025-09-01 17:02:16,457 DEBUG   HandlerThread:1404874 [handler.py:handle_request():146] handle_request: status_report
2025-09-01 17:02:21,454 DEBUG   HandlerThread:1404874 [handler.py:handle_request():146] handle_request: status_report
2025-09-01 17:02:26,457 DEBUG   HandlerThread:1404874 [handler.py:handle_request():146] handle_request: status_report
2025-09-01 17:02:29,146 DEBUG   HandlerThread:1404874 [handler.py:handle_request():146] handle_request: internal_messages
2025-09-01 17:02:29,155 DEBUG   HandlerThread:1404874 [handler.py:handle_request():146] handle_request: stop_status
2025-09-01 17:02:29,155 DEBUG   SenderThread:1404874 [sender.py:send_request():409] send_request: stop_status
2025-09-01 17:02:31,519 DEBUG   HandlerThread:1404874 [handler.py:handle_request():146] handle_request: status_report
2025-09-01 17:02:36,517 DEBUG   HandlerThread:1404874 [handler.py:handle_request():146] handle_request: status_report
2025-09-01 17:02:39,673 DEBUG   SenderThread:1404874 [sender.py:send():382] send: stats
2025-09-01 17:02:41,675 DEBUG   HandlerThread:1404874 [handler.py:handle_request():146] handle_request: status_report
2025-09-01 17:02:44,146 DEBUG   HandlerThread:1404874 [handler.py:handle_request():146] handle_request: internal_messages
2025-09-01 17:02:44,156 DEBUG   HandlerThread:1404874 [handler.py:handle_request():146] handle_request: stop_status
2025-09-01 17:02:44,156 DEBUG   SenderThread:1404874 [sender.py:send_request():409] send_request: stop_status
2025-09-01 17:02:47,449 DEBUG   HandlerThread:1404874 [handler.py:handle_request():146] handle_request: status_report
2025-09-01 17:02:52,454 DEBUG   HandlerThread:1404874 [handler.py:handle_request():146] handle_request: status_report
2025-09-01 17:02:57,452 DEBUG   HandlerThread:1404874 [handler.py:handle_request():146] handle_request: status_report
2025-09-01 17:02:59,146 DEBUG   HandlerThread:1404874 [handler.py:handle_request():146] handle_request: internal_messages
2025-09-01 17:02:59,155 DEBUG   HandlerThread:1404874 [handler.py:handle_request():146] handle_request: stop_status
2025-09-01 17:02:59,155 DEBUG   SenderThread:1404874 [sender.py:send_request():409] send_request: stop_status
2025-09-01 17:03:02,485 DEBUG   HandlerThread:1404874 [handler.py:handle_request():146] handle_request: status_report
2025-09-01 17:03:07,487 DEBUG   HandlerThread:1404874 [handler.py:handle_request():146] handle_request: status_report
2025-09-01 17:03:09,642 DEBUG   SenderThread:1404874 [sender.py:send():382] send: stats
2025-09-01 17:03:12,650 DEBUG   HandlerThread:1404874 [handler.py:handle_request():146] handle_request: status_report
2025-09-01 17:03:14,152 DEBUG   HandlerThread:1404874 [handler.py:handle_request():146] handle_request: internal_messages
2025-09-01 17:03:14,155 DEBUG   HandlerThread:1404874 [handler.py:handle_request():146] handle_request: stop_status
2025-09-01 17:03:14,157 DEBUG   SenderThread:1404874 [sender.py:send_request():409] send_request: stop_status
2025-09-01 17:03:18,490 DEBUG   HandlerThread:1404874 [handler.py:handle_request():146] handle_request: status_report
2025-09-01 17:03:23,493 DEBUG   HandlerThread:1404874 [handler.py:handle_request():146] handle_request: status_report
2025-09-01 17:03:28,495 DEBUG   HandlerThread:1404874 [handler.py:handle_request():146] handle_request: status_report
2025-09-01 17:03:29,150 DEBUG   HandlerThread:1404874 [handler.py:handle_request():146] handle_request: internal_messages
2025-09-01 17:03:29,155 DEBUG   HandlerThread:1404874 [handler.py:handle_request():146] handle_request: stop_status
2025-09-01 17:03:29,155 DEBUG   SenderThread:1404874 [sender.py:send_request():409] send_request: stop_status
2025-09-01 17:03:33,512 DEBUG   HandlerThread:1404874 [handler.py:handle_request():146] handle_request: status_report
2025-09-01 17:03:38,509 DEBUG   HandlerThread:1404874 [handler.py:handle_request():146] handle_request: status_report
2025-09-01 17:03:39,647 DEBUG   SenderThread:1404874 [sender.py:send():382] send: stats
2025-09-01 17:03:43,649 DEBUG   HandlerThread:1404874 [handler.py:handle_request():146] handle_request: status_report
2025-09-01 17:03:44,150 DEBUG   HandlerThread:1404874 [handler.py:handle_request():146] handle_request: internal_messages
2025-09-01 17:03:44,155 DEBUG   HandlerThread:1404874 [handler.py:handle_request():146] handle_request: stop_status
2025-09-01 17:03:44,155 DEBUG   SenderThread:1404874 [sender.py:send_request():409] send_request: stop_status
2025-09-01 17:03:49,484 DEBUG   HandlerThread:1404874 [handler.py:handle_request():146] handle_request: status_report
2025-09-01 17:03:54,486 DEBUG   HandlerThread:1404874 [handler.py:handle_request():146] handle_request: status_report
2025-09-01 17:03:59,155 DEBUG   HandlerThread:1404874 [handler.py:handle_request():146] handle_request: internal_messages
2025-09-01 17:03:59,155 DEBUG   HandlerThread:1404874 [handler.py:handle_request():146] handle_request: stop_status
2025-09-01 17:03:59,158 DEBUG   SenderThread:1404874 [sender.py:send_request():409] send_request: stop_status
2025-09-01 17:04:00,465 DEBUG   HandlerThread:1404874 [handler.py:handle_request():146] handle_request: status_report
2025-09-01 17:04:05,467 DEBUG   HandlerThread:1404874 [handler.py:handle_request():146] handle_request: status_report
2025-09-01 17:04:09,648 DEBUG   SenderThread:1404874 [sender.py:send():382] send: stats
2025-09-01 17:04:10,650 DEBUG   HandlerThread:1404874 [handler.py:handle_request():146] handle_request: status_report
2025-09-01 17:04:14,157 DEBUG   HandlerThread:1404874 [handler.py:handle_request():146] handle_request: internal_messages
2025-09-01 17:04:14,157 DEBUG   HandlerThread:1404874 [handler.py:handle_request():146] handle_request: stop_status
2025-09-01 17:04:14,158 DEBUG   SenderThread:1404874 [sender.py:send_request():409] send_request: stop_status
2025-09-01 17:04:16,423 DEBUG   HandlerThread:1404874 [handler.py:handle_request():146] handle_request: status_report
2025-09-01 17:04:21,426 DEBUG   HandlerThread:1404874 [handler.py:handle_request():146] handle_request: status_report
2025-09-01 17:04:26,427 DEBUG   HandlerThread:1404874 [handler.py:handle_request():146] handle_request: status_report
2025-09-01 17:04:29,154 DEBUG   HandlerThread:1404874 [handler.py:handle_request():146] handle_request: internal_messages
2025-09-01 17:04:29,157 DEBUG   HandlerThread:1404874 [handler.py:handle_request():146] handle_request: stop_status
2025-09-01 17:04:29,158 DEBUG   SenderThread:1404874 [sender.py:send_request():409] send_request: stop_status
2025-09-01 17:04:31,481 DEBUG   HandlerThread:1404874 [handler.py:handle_request():146] handle_request: status_report
2025-09-01 17:04:36,482 DEBUG   HandlerThread:1404874 [handler.py:handle_request():146] handle_request: status_report
2025-09-01 17:04:39,652 DEBUG   SenderThread:1404874 [sender.py:send():382] send: stats
2025-09-01 17:04:41,658 DEBUG   HandlerThread:1404874 [handler.py:handle_request():146] handle_request: status_report
2025-09-01 17:04:44,164 DEBUG   HandlerThread:1404874 [handler.py:handle_request():146] handle_request: internal_messages
2025-09-01 17:04:44,164 DEBUG   HandlerThread:1404874 [handler.py:handle_request():146] handle_request: stop_status
2025-09-01 17:04:44,183 DEBUG   SenderThread:1404874 [sender.py:send_request():409] send_request: stop_status
2025-09-01 17:04:47,460 DEBUG   HandlerThread:1404874 [handler.py:handle_request():146] handle_request: status_report
2025-09-01 17:04:52,460 DEBUG   HandlerThread:1404874 [handler.py:handle_request():146] handle_request: status_report
2025-09-01 17:04:57,468 DEBUG   HandlerThread:1404874 [handler.py:handle_request():146] handle_request: status_report
2025-09-01 17:04:59,157 DEBUG   HandlerThread:1404874 [handler.py:handle_request():146] handle_request: internal_messages
2025-09-01 17:04:59,158 DEBUG   HandlerThread:1404874 [handler.py:handle_request():146] handle_request: stop_status
2025-09-01 17:04:59,158 DEBUG   SenderThread:1404874 [sender.py:send_request():409] send_request: stop_status
2025-09-01 17:05:03,454 DEBUG   HandlerThread:1404874 [handler.py:handle_request():146] handle_request: status_report
2025-09-01 17:05:08,456 DEBUG   HandlerThread:1404874 [handler.py:handle_request():146] handle_request: status_report
2025-09-01 17:05:09,654 DEBUG   SenderThread:1404874 [sender.py:send():382] send: stats
2025-09-01 17:05:13,658 DEBUG   HandlerThread:1404874 [handler.py:handle_request():146] handle_request: status_report
2025-09-01 17:05:14,157 DEBUG   HandlerThread:1404874 [handler.py:handle_request():146] handle_request: internal_messages
2025-09-01 17:05:14,158 DEBUG   HandlerThread:1404874 [handler.py:handle_request():146] handle_request: stop_status
2025-09-01 17:05:14,158 DEBUG   SenderThread:1404874 [sender.py:send_request():409] send_request: stop_status
2025-09-01 17:05:19,410 DEBUG   HandlerThread:1404874 [handler.py:handle_request():146] handle_request: status_report
2025-09-01 17:05:24,414 DEBUG   HandlerThread:1404874 [handler.py:handle_request():146] handle_request: status_report
2025-09-01 17:05:29,157 DEBUG   HandlerThread:1404874 [handler.py:handle_request():146] handle_request: internal_messages
2025-09-01 17:05:29,159 DEBUG   HandlerThread:1404874 [handler.py:handle_request():146] handle_request: stop_status
2025-09-01 17:05:29,159 DEBUG   SenderThread:1404874 [sender.py:send_request():409] send_request: stop_status
2025-09-01 17:05:29,465 DEBUG   HandlerThread:1404874 [handler.py:handle_request():146] handle_request: status_report
2025-09-01 17:05:34,473 DEBUG   HandlerThread:1404874 [handler.py:handle_request():146] handle_request: status_report
2025-09-01 17:05:39,475 DEBUG   HandlerThread:1404874 [handler.py:handle_request():146] handle_request: status_report
2025-09-01 17:05:39,724 DEBUG   SenderThread:1404874 [sender.py:send():382] send: stats
2025-09-01 17:05:44,157 DEBUG   HandlerThread:1404874 [handler.py:handle_request():146] handle_request: internal_messages
2025-09-01 17:05:44,159 DEBUG   HandlerThread:1404874 [handler.py:handle_request():146] handle_request: stop_status
2025-09-01 17:05:44,159 DEBUG   SenderThread:1404874 [sender.py:send_request():409] send_request: stop_status
2025-09-01 17:05:45,416 DEBUG   HandlerThread:1404874 [handler.py:handle_request():146] handle_request: status_report
2025-09-01 17:05:50,419 DEBUG   HandlerThread:1404874 [handler.py:handle_request():146] handle_request: status_report
2025-09-01 17:05:55,423 DEBUG   HandlerThread:1404874 [handler.py:handle_request():146] handle_request: status_report
2025-09-01 17:05:59,157 DEBUG   HandlerThread:1404874 [handler.py:handle_request():146] handle_request: internal_messages
2025-09-01 17:05:59,159 DEBUG   HandlerThread:1404874 [handler.py:handle_request():146] handle_request: stop_status
2025-09-01 17:05:59,160 DEBUG   SenderThread:1404874 [sender.py:send_request():409] send_request: stop_status
2025-09-01 17:06:00,507 DEBUG   HandlerThread:1404874 [handler.py:handle_request():146] handle_request: status_report
2025-09-01 17:06:01,115 DEBUG   SenderThread:1404874 [sender.py:send():382] send: exit
2025-09-01 17:06:01,115 INFO    SenderThread:1404874 [sender.py:send_exit():589] handling exit code: 255
2025-09-01 17:06:01,115 INFO    SenderThread:1404874 [sender.py:send_exit():591] handling runtime: 711
2025-09-01 17:06:01,115 INFO    SenderThread:1404874 [sender.py:_save_file():1392] saving file wandb-summary.json with policy end
2025-09-01 17:06:01,116 INFO    SenderThread:1404874 [sender.py:send_exit():597] send defer
2025-09-01 17:06:01,116 DEBUG   HandlerThread:1404874 [handler.py:handle_request():146] handle_request: defer
2025-09-01 17:06:01,116 INFO    HandlerThread:1404874 [handler.py:handle_request_defer():172] handle defer: 0
2025-09-01 17:06:01,116 DEBUG   SenderThread:1404874 [sender.py:send_request():409] send_request: defer
2025-09-01 17:06:01,116 INFO    SenderThread:1404874 [sender.py:send_request_defer():613] handle sender defer: 0
2025-09-01 17:06:01,116 INFO    SenderThread:1404874 [sender.py:transition_state():617] send defer: 1
2025-09-01 17:06:01,117 DEBUG   HandlerThread:1404874 [handler.py:handle_request():146] handle_request: defer
2025-09-01 17:06:01,117 INFO    HandlerThread:1404874 [handler.py:handle_request_defer():172] handle defer: 1
2025-09-01 17:06:01,117 DEBUG   SenderThread:1404874 [sender.py:send_request():409] send_request: defer
2025-09-01 17:06:01,117 INFO    SenderThread:1404874 [sender.py:send_request_defer():613] handle sender defer: 1
2025-09-01 17:06:01,117 INFO    SenderThread:1404874 [sender.py:transition_state():617] send defer: 2
2025-09-01 17:06:01,117 DEBUG   HandlerThread:1404874 [handler.py:handle_request():146] handle_request: defer
2025-09-01 17:06:01,117 INFO    HandlerThread:1404874 [handler.py:handle_request_defer():172] handle defer: 2
2025-09-01 17:06:01,117 INFO    HandlerThread:1404874 [system_monitor.py:finish():203] Stopping system monitor
2025-09-01 17:06:01,117 DEBUG   SystemMonitor:1404874 [system_monitor.py:_start():179] Finished system metrics aggregation loop
2025-09-01 17:06:01,119 INFO    HandlerThread:1404874 [interfaces.py:finish():202] Joined cpu monitor
2025-09-01 17:06:01,119 DEBUG   SystemMonitor:1404874 [system_monitor.py:_start():183] Publishing last batch of metrics
2025-09-01 17:06:01,120 INFO    HandlerThread:1404874 [interfaces.py:finish():202] Joined disk monitor
2025-09-01 17:06:01,907 INFO    Thread-12 :1404874 [dir_watcher.py:_on_file_created():271] file/dir created: /data0/lumina/weijie/Robotwin_hpt/RoboTwin/policy/HPT/wandb/run-20250901_165406-foe21oe8/files/wandb-summary.json
2025-09-01 17:06:02,414 INFO    HandlerThread:1404874 [interfaces.py:finish():202] Joined gpu monitor
2025-09-01 17:06:02,415 INFO    HandlerThread:1404874 [interfaces.py:finish():202] Joined memory monitor
2025-09-01 17:06:02,415 INFO    HandlerThread:1404874 [interfaces.py:finish():202] Joined network monitor
2025-09-01 17:06:02,415 DEBUG   HandlerThread:1404874 [handler.py:handle_request():146] handle_request: poll_exit
2025-09-01 17:06:02,417 DEBUG   SenderThread:1404874 [sender.py:send_request():409] send_request: defer
2025-09-01 17:06:02,417 INFO    SenderThread:1404874 [sender.py:send_request_defer():613] handle sender defer: 2
2025-09-01 17:06:02,417 INFO    SenderThread:1404874 [sender.py:transition_state():617] send defer: 3
2025-09-01 17:06:02,418 DEBUG   HandlerThread:1404874 [handler.py:handle_request():146] handle_request: defer
2025-09-01 17:06:02,418 INFO    HandlerThread:1404874 [handler.py:handle_request_defer():172] handle defer: 3
2025-09-01 17:06:02,418 DEBUG   SenderThread:1404874 [sender.py:send():382] send: stats
2025-09-01 17:06:02,420 DEBUG   SenderThread:1404874 [sender.py:send_request():409] send_request: poll_exit
2025-09-01 17:06:02,420 DEBUG   SenderThread:1404874 [sender.py:send_request():409] send_request: defer
2025-09-01 17:06:02,420 INFO    SenderThread:1404874 [sender.py:send_request_defer():613] handle sender defer: 3
2025-09-01 17:06:02,420 INFO    SenderThread:1404874 [sender.py:transition_state():617] send defer: 4
2025-09-01 17:06:02,420 DEBUG   HandlerThread:1404874 [handler.py:handle_request():146] handle_request: defer
2025-09-01 17:06:02,420 INFO    HandlerThread:1404874 [handler.py:handle_request_defer():172] handle defer: 4
2025-09-01 17:06:02,421 DEBUG   SenderThread:1404874 [sender.py:send_request():409] send_request: defer
2025-09-01 17:06:02,421 INFO    SenderThread:1404874 [sender.py:send_request_defer():613] handle sender defer: 4
2025-09-01 17:06:02,421 INFO    SenderThread:1404874 [sender.py:transition_state():617] send defer: 5
2025-09-01 17:06:02,421 DEBUG   HandlerThread:1404874 [handler.py:handle_request():146] handle_request: defer
2025-09-01 17:06:02,421 INFO    HandlerThread:1404874 [handler.py:handle_request_defer():172] handle defer: 5
2025-09-01 17:06:02,421 DEBUG   SenderThread:1404874 [sender.py:send():382] send: summary
2025-09-01 17:06:02,421 INFO    SenderThread:1404874 [sender.py:_save_file():1392] saving file wandb-summary.json with policy end
2025-09-01 17:06:02,421 DEBUG   SenderThread:1404874 [sender.py:send_request():409] send_request: defer
2025-09-01 17:06:02,422 INFO    SenderThread:1404874 [sender.py:send_request_defer():613] handle sender defer: 5
2025-09-01 17:06:02,422 INFO    SenderThread:1404874 [sender.py:transition_state():617] send defer: 6
2025-09-01 17:06:02,422 DEBUG   HandlerThread:1404874 [handler.py:handle_request():146] handle_request: defer
2025-09-01 17:06:02,422 INFO    HandlerThread:1404874 [handler.py:handle_request_defer():172] handle defer: 6
2025-09-01 17:06:02,422 DEBUG   SenderThread:1404874 [sender.py:send_request():409] send_request: defer
2025-09-01 17:06:02,422 INFO    SenderThread:1404874 [sender.py:send_request_defer():613] handle sender defer: 6
2025-09-01 17:06:02,422 INFO    SenderThread:1404874 [sender.py:transition_state():617] send defer: 7
2025-09-01 17:06:02,422 DEBUG   HandlerThread:1404874 [handler.py:handle_request():146] handle_request: status_report
2025-09-01 17:06:02,422 DEBUG   HandlerThread:1404874 [handler.py:handle_request():146] handle_request: defer
2025-09-01 17:06:02,422 INFO    HandlerThread:1404874 [handler.py:handle_request_defer():172] handle defer: 7
2025-09-01 17:06:02,422 DEBUG   SenderThread:1404874 [sender.py:send_request():409] send_request: defer
2025-09-01 17:06:02,422 INFO    SenderThread:1404874 [sender.py:send_request_defer():613] handle sender defer: 7
2025-09-01 17:06:02,908 INFO    Thread-12 :1404874 [dir_watcher.py:_on_file_modified():288] file/dir modified: /data0/lumina/weijie/Robotwin_hpt/RoboTwin/policy/HPT/wandb/run-20250901_165406-foe21oe8/files/output.log
2025-09-01 17:06:02,908 INFO    Thread-12 :1404874 [dir_watcher.py:_on_file_modified():288] file/dir modified: /data0/lumina/weijie/Robotwin_hpt/RoboTwin/policy/HPT/wandb/run-20250901_165406-foe21oe8/files/wandb-summary.json
2025-09-01 17:06:03,116 DEBUG   HandlerThread:1404874 [handler.py:handle_request():146] handle_request: poll_exit
2025-09-01 17:06:04,578 INFO    SenderThread:1404874 [sender.py:transition_state():617] send defer: 8
2025-09-01 17:06:04,579 DEBUG   SenderThread:1404874 [sender.py:send_request():409] send_request: poll_exit
2025-09-01 17:06:04,580 DEBUG   HandlerThread:1404874 [handler.py:handle_request():146] handle_request: defer
2025-09-01 17:06:04,580 INFO    HandlerThread:1404874 [handler.py:handle_request_defer():172] handle defer: 8
2025-09-01 17:06:04,581 DEBUG   SenderThread:1404874 [sender.py:send_request():409] send_request: defer
2025-09-01 17:06:04,581 INFO    SenderThread:1404874 [sender.py:send_request_defer():613] handle sender defer: 8
2025-09-01 17:06:04,581 INFO    SenderThread:1404874 [job_builder.py:build():298] Attempting to build job artifact
2025-09-01 17:06:04,582 INFO    SenderThread:1404874 [job_builder.py:_get_source_type():428] is repo sourced job
2025-09-01 17:06:04,613 INFO    SenderThread:1404874 [job_builder.py:build():404] adding wandb-job metadata file
2025-09-01 17:06:04,617 INFO    SenderThread:1404874 [sender.py:transition_state():617] send defer: 9
2025-09-01 17:06:04,617 DEBUG   HandlerThread:1404874 [handler.py:handle_request():146] handle_request: defer
2025-09-01 17:06:04,617 INFO    HandlerThread:1404874 [handler.py:handle_request_defer():172] handle defer: 9
2025-09-01 17:06:04,618 DEBUG   SenderThread:1404874 [sender.py:send():382] send: artifact
2025-09-01 17:06:04,909 INFO    Thread-12 :1404874 [dir_watcher.py:_on_file_modified():288] file/dir modified: /data0/lumina/weijie/Robotwin_hpt/RoboTwin/policy/HPT/wandb/run-20250901_165406-foe21oe8/files/output.log
2025-09-01 17:06:05,992 INFO    SenderThread:1404874 [sender.py:send_artifact():1470] sent artifact job-https___github.com_ZixuanLi2004_Robotwin_hpt.git_RoboTwin_policy_HPT_train.py - {'id': 'QXJ0aWZhY3Q6MjAwNDg5MTYwNg==', 'state': 'COMMITTED', 'artifactSequence': {'id': 'QXJ0aWZhY3RDb2xsZWN0aW9uOjcyMjUwNTEyOA==', 'latestArtifact': {'id': 'QXJ0aWZhY3Q6MjAwNDg5MTYwNg==', 'versionIndex': 5}}}
2025-09-01 17:06:05,993 DEBUG   SenderThread:1404874 [sender.py:send_request():409] send_request: defer
2025-09-01 17:06:05,993 INFO    SenderThread:1404874 [sender.py:send_request_defer():613] handle sender defer: 9
2025-09-01 17:06:05,993 INFO    SenderThread:1404874 [dir_watcher.py:finish():358] shutting down directory watcher
2025-09-01 17:06:06,910 INFO    SenderThread:1404874 [dir_watcher.py:finish():388] scan: /data0/lumina/weijie/Robotwin_hpt/RoboTwin/policy/HPT/wandb/run-20250901_165406-foe21oe8/files
2025-09-01 17:06:06,911 INFO    SenderThread:1404874 [dir_watcher.py:finish():402] scan save: /data0/lumina/weijie/Robotwin_hpt/RoboTwin/policy/HPT/wandb/run-20250901_165406-foe21oe8/files/requirements.txt requirements.txt
2025-09-01 17:06:06,911 INFO    SenderThread:1404874 [dir_watcher.py:finish():402] scan save: /data0/lumina/weijie/Robotwin_hpt/RoboTwin/policy/HPT/wandb/run-20250901_165406-foe21oe8/files/conda-environment.yaml conda-environment.yaml
2025-09-01 17:06:06,911 INFO    SenderThread:1404874 [dir_watcher.py:finish():402] scan save: /data0/lumina/weijie/Robotwin_hpt/RoboTwin/policy/HPT/wandb/run-20250901_165406-foe21oe8/files/config.yaml config.yaml
2025-09-01 17:06:06,912 INFO    SenderThread:1404874 [dir_watcher.py:finish():402] scan save: /data0/lumina/weijie/Robotwin_hpt/RoboTwin/policy/HPT/wandb/run-20250901_165406-foe21oe8/files/wandb-metadata.json wandb-metadata.json
2025-09-01 17:06:06,912 INFO    SenderThread:1404874 [dir_watcher.py:finish():402] scan save: /data0/lumina/weijie/Robotwin_hpt/RoboTwin/policy/HPT/wandb/run-20250901_165406-foe21oe8/files/wandb-summary.json wandb-summary.json
2025-09-01 17:06:06,916 INFO    SenderThread:1404874 [dir_watcher.py:finish():402] scan save: /data0/lumina/weijie/Robotwin_hpt/RoboTwin/policy/HPT/wandb/run-20250901_165406-foe21oe8/files/output.log output.log
2025-09-01 17:06:06,919 INFO    SenderThread:1404874 [sender.py:transition_state():617] send defer: 10
2025-09-01 17:06:06,921 DEBUG   HandlerThread:1404874 [handler.py:handle_request():146] handle_request: defer
2025-09-01 17:06:06,924 INFO    HandlerThread:1404874 [handler.py:handle_request_defer():172] handle defer: 10
2025-09-01 17:06:06,924 DEBUG   SenderThread:1404874 [sender.py:send_request():409] send_request: defer
2025-09-01 17:06:06,924 INFO    SenderThread:1404874 [sender.py:send_request_defer():613] handle sender defer: 10
2025-09-01 17:06:06,924 INFO    SenderThread:1404874 [file_pusher.py:finish():175] shutting down file pusher
2025-09-01 17:06:07,254 ERROR   wandb-upload_0:1404874 [internal_api.py:upload_file():2761] upload_file exception https://storage.googleapis.com/wandb-production.appspot.com/wanweijie2005-/hpt-transfer/foe21oe8/conda-environment.yaml?X-Goog-Algorithm=GOOG4-RSA-SHA256&X-Goog-Credential=gorilla-files-url-signer-man%40wandb-production.iam.gserviceaccount.com%2F20250901%2Fauto%2Fstorage%2Fgoog4_request&X-Goog-Date=20250901T090607Z&X-Goog-Expires=86399&X-Goog-Signature=674e1c286c91eda8668b2fac161cf8c6cda82288cfbc649eeed76de9cf1771e970209fbab810d87c021e91ca523b9a8d99c1b8a11b204bc7c7b8f6b4301e0a5d1361a7c4668f99706c32f0709fe79e1752c6c62a1ae1934b5bc71b7097b192d2a64e58be4ef5b2f8a13e5edf2a8da846a3afaaf0d7dac2521561caf6ac0388499cd9d68919a922524caf526bb3fc2b53f935b6911e51728990b8a0491f62f41e80ed49645c4f184ed3938b8c584bcb3e25f1d1407d4ee319031380767a4be0ac72279bd8e34574e4a4f64186b74875251307cd3b7858874a91271e991a125f0e0d90bb2bc9d8d45c49fd0708a3078cf55520c52ade5cc4958c9c9fa0dbfe22ef&X-Goog-SignedHeaders=host&X-User=wanweijie2005: ('Connection aborted.', ConnectionResetError(104, 'Connection reset by peer'))
2025-09-01 17:06:07,254 ERROR   wandb-upload_0:1404874 [internal_api.py:upload_file():2763] upload_file request headers: {'User-Agent': 'python-requests/2.32.5', 'Accept-Encoding': 'gzip, deflate, br, zstd', 'Accept': '*/*', 'Connection': 'keep-alive', 'Content-Length': '8660'}
2025-09-01 17:06:07,254 ERROR   wandb-upload_0:1404874 [internal_api.py:upload_file():2765] upload_file response body: 
2025-09-01 17:06:07,328 ERROR   wandb-upload_2:1404874 [internal_api.py:upload_file():2761] upload_file exception https://storage.googleapis.com/wandb-production.appspot.com/wanweijie2005-/hpt-transfer/foe21oe8/config.yaml?X-Goog-Algorithm=GOOG4-RSA-SHA256&X-Goog-Credential=gorilla-files-url-signer-man%40wandb-production.iam.gserviceaccount.com%2F20250901%2Fauto%2Fstorage%2Fgoog4_request&X-Goog-Date=20250901T090607Z&X-Goog-Expires=86399&X-Goog-Signature=64e883e5f09bdddb55018491717cacf1317bf4ca274d9b71059d6a68d1ebea69358a6544e22232c3ac469ced138fd254ee1b43c45cfdc0d6ffe578685d8d0f7f0f1b40f91709e57a3720d967e3f1df91ee34262cb7d6d282dd9aa98b397987d0dc30bbe7ad9c101b1acbbf839ba7c2ee5350dd108120bb289adff972aa801b2b29c780af37a0a6a9358b03dae18f2a47005cc4f31129e3dda4ef4c5f87923d7c483c38386260c596b5f4552738daa18cb884f65e6b5e7503a6ed888ee88b34884ec457da1c4c4609da12a970638ee60e262912e1b72e516a7939d7d3f5b94b44a10f117aa42355366448932dac9623d5508befe887f29022b66d33e3451cc91a&X-Goog-SignedHeaders=host&X-User=wanweijie2005: ('Connection aborted.', ConnectionResetError(104, 'Connection reset by peer'))
2025-09-01 17:06:07,328 ERROR   wandb-upload_2:1404874 [internal_api.py:upload_file():2763] upload_file request headers: {'User-Agent': 'python-requests/2.32.5', 'Accept-Encoding': 'gzip, deflate, br, zstd', 'Accept': '*/*', 'Connection': 'keep-alive', 'Content-Length': '4420'}
2025-09-01 17:06:07,328 ERROR   wandb-upload_2:1404874 [internal_api.py:upload_file():2765] upload_file response body: 
2025-09-01 17:06:07,374 ERROR   wandb-upload_4:1404874 [internal_api.py:upload_file():2761] upload_file exception https://storage.googleapis.com/wandb-production.appspot.com/wanweijie2005-/hpt-transfer/foe21oe8/output.log?X-Goog-Algorithm=GOOG4-RSA-SHA256&X-Goog-Credential=gorilla-files-url-signer-man%40wandb-production.iam.gserviceaccount.com%2F20250901%2Fauto%2Fstorage%2Fgoog4_request&X-Goog-Date=20250901T090607Z&X-Goog-Expires=86399&X-Goog-Signature=5b63830cd61a567a7b5d7f2c647cf9af9ea13ce3b7223e474314fc1f564187e10f328e4e19e99f627ac854a129770603ab8c0458ac456bf34d181269700eb524244ca962dc717c88607e948d95c8331d9ecfcc968e7d3d4b066d35fb7913beb1f3866f928d43a0cd830dcca4687a3b23116e9f314a78d41068f2226c3ca5a3e9e314e7a67b7bba3c35fef97b572df06bc45650eea447aeeafe95af0454d9927f65d002ebe77ea826a3f6a5a17fa5e7b4a6905e392cc855d84b1685d834472d40635b54dfdb168ae6b265283aa8d23b9dde6bda8ad7befe113dda960b27d231404c09353a2211642cd10853eff7b58607f978f835bfce7cc2e22b7878e5aa3c24&X-Goog-SignedHeaders=host&X-User=wanweijie2005: ('Connection aborted.', ConnectionResetError(104, 'Connection reset by peer'))
2025-09-01 17:06:07,374 ERROR   wandb-upload_4:1404874 [internal_api.py:upload_file():2763] upload_file request headers: {'User-Agent': 'python-requests/2.32.5', 'Accept-Encoding': 'gzip, deflate, br, zstd', 'Accept': '*/*', 'Connection': 'keep-alive', 'Content-Length': '11458'}
2025-09-01 17:06:07,375 ERROR   wandb-upload_4:1404874 [internal_api.py:upload_file():2765] upload_file response body: 
2025-09-01 17:06:07,777 INFO    wandb-upload_3:1404874 [upload_job.py:push():131] Uploaded file /data0/lumina/weijie/Robotwin_hpt/RoboTwin/policy/HPT/wandb/run-20250901_165406-foe21oe8/files/wandb-summary.json
2025-09-01 17:06:08,120 DEBUG   HandlerThread:1404874 [handler.py:handle_request():146] handle_request: keepalive
2025-09-01 17:06:08,433 ERROR   wandb-upload_0:1404874 [internal_api.py:upload_file():2761] upload_file exception https://storage.googleapis.com/wandb-production.appspot.com/wanweijie2005-/hpt-transfer/foe21oe8/conda-environment.yaml?X-Goog-Algorithm=GOOG4-RSA-SHA256&X-Goog-Credential=gorilla-files-url-signer-man%40wandb-production.iam.gserviceaccount.com%2F20250901%2Fauto%2Fstorage%2Fgoog4_request&X-Goog-Date=20250901T090607Z&X-Goog-Expires=86399&X-Goog-Signature=674e1c286c91eda8668b2fac161cf8c6cda82288cfbc649eeed76de9cf1771e970209fbab810d87c021e91ca523b9a8d99c1b8a11b204bc7c7b8f6b4301e0a5d1361a7c4668f99706c32f0709fe79e1752c6c62a1ae1934b5bc71b7097b192d2a64e58be4ef5b2f8a13e5edf2a8da846a3afaaf0d7dac2521561caf6ac0388499cd9d68919a922524caf526bb3fc2b53f935b6911e51728990b8a0491f62f41e80ed49645c4f184ed3938b8c584bcb3e25f1d1407d4ee319031380767a4be0ac72279bd8e34574e4a4f64186b74875251307cd3b7858874a91271e991a125f0e0d90bb2bc9d8d45c49fd0708a3078cf55520c52ade5cc4958c9c9fa0dbfe22ef&X-Goog-SignedHeaders=host&X-User=wanweijie2005: ('Connection aborted.', ConnectionResetError(104, 'Connection reset by peer'))
2025-09-01 17:06:08,433 ERROR   wandb-upload_0:1404874 [internal_api.py:upload_file():2763] upload_file request headers: {'User-Agent': 'python-requests/2.32.5', 'Accept-Encoding': 'gzip, deflate, br, zstd', 'Accept': '*/*', 'Connection': 'keep-alive', 'Content-Length': '8660'}
2025-09-01 17:06:08,434 ERROR   wandb-upload_0:1404874 [internal_api.py:upload_file():2765] upload_file response body: 
2025-09-01 17:06:08,434 INFO    wandb-upload_0:1404874 [retry.py:__call__():172] Retry attempt failed:
Traceback (most recent call last):
  File "/home/lumina/miniconda3/envs/weijie_hpt/lib/python3.10/site-packages/urllib3/connectionpool.py", line 773, in urlopen
    self._prepare_proxy(conn)
  File "/home/lumina/miniconda3/envs/weijie_hpt/lib/python3.10/site-packages/urllib3/connectionpool.py", line 1042, in _prepare_proxy
    conn.connect()
  File "/home/lumina/miniconda3/envs/weijie_hpt/lib/python3.10/site-packages/urllib3/connection.py", line 790, in connect
    sock_and_verified = _ssl_wrap_socket_and_match_hostname(
  File "/home/lumina/miniconda3/envs/weijie_hpt/lib/python3.10/site-packages/urllib3/connection.py", line 969, in _ssl_wrap_socket_and_match_hostname
    ssl_sock = ssl_wrap_socket(
  File "/home/lumina/miniconda3/envs/weijie_hpt/lib/python3.10/site-packages/urllib3/util/ssl_.py", line 480, in ssl_wrap_socket
    ssl_sock = _ssl_wrap_socket_impl(sock, context, tls_in_tls, server_hostname)
  File "/home/lumina/miniconda3/envs/weijie_hpt/lib/python3.10/site-packages/urllib3/util/ssl_.py", line 524, in _ssl_wrap_socket_impl
    return ssl_context.wrap_socket(sock, server_hostname=server_hostname)
  File "/home/lumina/miniconda3/envs/weijie_hpt/lib/python3.10/ssl.py", line 513, in wrap_socket
    return self.sslsocket_class._create(
  File "/home/lumina/miniconda3/envs/weijie_hpt/lib/python3.10/ssl.py", line 1104, in _create
    self.do_handshake()
  File "/home/lumina/miniconda3/envs/weijie_hpt/lib/python3.10/ssl.py", line 1375, in do_handshake
    self._sslobj.do_handshake()
ConnectionResetError: [Errno 104] Connection reset by peer

During handling of the above exception, another exception occurred:

Traceback (most recent call last):
  File "/home/lumina/miniconda3/envs/weijie_hpt/lib/python3.10/site-packages/requests/adapters.py", line 644, in send
    resp = conn.urlopen(
  File "/home/lumina/miniconda3/envs/weijie_hpt/lib/python3.10/site-packages/urllib3/connectionpool.py", line 841, in urlopen
    retries = retries.increment(
  File "/home/lumina/miniconda3/envs/weijie_hpt/lib/python3.10/site-packages/urllib3/util/retry.py", line 474, in increment
    raise reraise(type(error), error, _stacktrace)
  File "/home/lumina/miniconda3/envs/weijie_hpt/lib/python3.10/site-packages/urllib3/util/util.py", line 38, in reraise
    raise value.with_traceback(tb)
  File "/home/lumina/miniconda3/envs/weijie_hpt/lib/python3.10/site-packages/urllib3/connectionpool.py", line 773, in urlopen
    self._prepare_proxy(conn)
  File "/home/lumina/miniconda3/envs/weijie_hpt/lib/python3.10/site-packages/urllib3/connectionpool.py", line 1042, in _prepare_proxy
    conn.connect()
  File "/home/lumina/miniconda3/envs/weijie_hpt/lib/python3.10/site-packages/urllib3/connection.py", line 790, in connect
    sock_and_verified = _ssl_wrap_socket_and_match_hostname(
  File "/home/lumina/miniconda3/envs/weijie_hpt/lib/python3.10/site-packages/urllib3/connection.py", line 969, in _ssl_wrap_socket_and_match_hostname
    ssl_sock = ssl_wrap_socket(
  File "/home/lumina/miniconda3/envs/weijie_hpt/lib/python3.10/site-packages/urllib3/util/ssl_.py", line 480, in ssl_wrap_socket
    ssl_sock = _ssl_wrap_socket_impl(sock, context, tls_in_tls, server_hostname)
  File "/home/lumina/miniconda3/envs/weijie_hpt/lib/python3.10/site-packages/urllib3/util/ssl_.py", line 524, in _ssl_wrap_socket_impl
    return ssl_context.wrap_socket(sock, server_hostname=server_hostname)
  File "/home/lumina/miniconda3/envs/weijie_hpt/lib/python3.10/ssl.py", line 513, in wrap_socket
    return self.sslsocket_class._create(
  File "/home/lumina/miniconda3/envs/weijie_hpt/lib/python3.10/ssl.py", line 1104, in _create
    self.do_handshake()
  File "/home/lumina/miniconda3/envs/weijie_hpt/lib/python3.10/ssl.py", line 1375, in do_handshake
    self._sslobj.do_handshake()
urllib3.exceptions.ProtocolError: ('Connection aborted.', ConnectionResetError(104, 'Connection reset by peer'))

During handling of the above exception, another exception occurred:

Traceback (most recent call last):
  File "/home/lumina/miniconda3/envs/weijie_hpt/lib/python3.10/site-packages/wandb/sdk/internal/internal_api.py", line 2754, in upload_file
    response = self._upload_file_session.put(
  File "/home/lumina/miniconda3/envs/weijie_hpt/lib/python3.10/site-packages/requests/sessions.py", line 649, in put
    return self.request("PUT", url, data=data, **kwargs)
  File "/home/lumina/miniconda3/envs/weijie_hpt/lib/python3.10/site-packages/requests/sessions.py", line 589, in request
    resp = self.send(prep, **send_kwargs)
  File "/home/lumina/miniconda3/envs/weijie_hpt/lib/python3.10/site-packages/requests/sessions.py", line 703, in send
    r = adapter.send(request, **kwargs)
  File "/home/lumina/miniconda3/envs/weijie_hpt/lib/python3.10/site-packages/requests/adapters.py", line 659, in send
    raise ConnectionError(err, request=request)
requests.exceptions.ConnectionError: ('Connection aborted.', ConnectionResetError(104, 'Connection reset by peer'))

During handling of the above exception, another exception occurred:

Traceback (most recent call last):
  File "/home/lumina/miniconda3/envs/weijie_hpt/lib/python3.10/site-packages/wandb/sdk/lib/retry.py", line 131, in __call__
    result = self._call_fn(*args, **kwargs)
  File "/home/lumina/miniconda3/envs/weijie_hpt/lib/python3.10/site-packages/wandb/sdk/internal/internal_api.py", line 2785, in upload_file
    raise _e.with_traceback(sys.exc_info()[2])
  File "/home/lumina/miniconda3/envs/weijie_hpt/lib/python3.10/site-packages/wandb/sdk/internal/internal_api.py", line 2754, in upload_file
    response = self._upload_file_session.put(
  File "/home/lumina/miniconda3/envs/weijie_hpt/lib/python3.10/site-packages/requests/sessions.py", line 649, in put
    return self.request("PUT", url, data=data, **kwargs)
  File "/home/lumina/miniconda3/envs/weijie_hpt/lib/python3.10/site-packages/requests/sessions.py", line 589, in request
    resp = self.send(prep, **send_kwargs)
  File "/home/lumina/miniconda3/envs/weijie_hpt/lib/python3.10/site-packages/requests/sessions.py", line 703, in send
    r = adapter.send(request, **kwargs)
  File "/home/lumina/miniconda3/envs/weijie_hpt/lib/python3.10/site-packages/requests/adapters.py", line 659, in send
    raise ConnectionError(err, request=request)
wandb.sdk.lib.retry.TransientError: None
2025-09-01 17:06:08,672 ERROR   wandb-upload_4:1404874 [internal_api.py:upload_file():2761] upload_file exception https://storage.googleapis.com/wandb-production.appspot.com/wanweijie2005-/hpt-transfer/foe21oe8/output.log?X-Goog-Algorithm=GOOG4-RSA-SHA256&X-Goog-Credential=gorilla-files-url-signer-man%40wandb-production.iam.gserviceaccount.com%2F20250901%2Fauto%2Fstorage%2Fgoog4_request&X-Goog-Date=20250901T090607Z&X-Goog-Expires=86399&X-Goog-Signature=5b63830cd61a567a7b5d7f2c647cf9af9ea13ce3b7223e474314fc1f564187e10f328e4e19e99f627ac854a129770603ab8c0458ac456bf34d181269700eb524244ca962dc717c88607e948d95c8331d9ecfcc968e7d3d4b066d35fb7913beb1f3866f928d43a0cd830dcca4687a3b23116e9f314a78d41068f2226c3ca5a3e9e314e7a67b7bba3c35fef97b572df06bc45650eea447aeeafe95af0454d9927f65d002ebe77ea826a3f6a5a17fa5e7b4a6905e392cc855d84b1685d834472d40635b54dfdb168ae6b265283aa8d23b9dde6bda8ad7befe113dda960b27d231404c09353a2211642cd10853eff7b58607f978f835bfce7cc2e22b7878e5aa3c24&X-Goog-SignedHeaders=host&X-User=wanweijie2005: ('Connection aborted.', ConnectionResetError(104, 'Connection reset by peer'))
2025-09-01 17:06:08,672 ERROR   wandb-upload_4:1404874 [internal_api.py:upload_file():2763] upload_file request headers: {'User-Agent': 'python-requests/2.32.5', 'Accept-Encoding': 'gzip, deflate, br, zstd', 'Accept': '*/*', 'Connection': 'keep-alive', 'Content-Length': '11458'}
2025-09-01 17:06:08,672 ERROR   wandb-upload_4:1404874 [internal_api.py:upload_file():2765] upload_file response body: 
2025-09-01 17:06:08,696 INFO    wandb-upload_2:1404874 [upload_job.py:push():131] Uploaded file /data0/lumina/weijie/Robotwin_hpt/RoboTwin/policy/HPT/wandb/run-20250901_165406-foe21oe8/files/config.yaml
2025-09-01 17:06:09,104 INFO    wandb-upload_1:1404874 [upload_job.py:push():131] Uploaded file /data0/lumina/weijie/Robotwin_hpt/RoboTwin/policy/HPT/wandb/run-20250901_165406-foe21oe8/files/requirements.txt
2025-09-01 17:06:11,284 INFO    wandb-upload_0:1404874 [upload_job.py:push():131] Uploaded file /data0/lumina/weijie/Robotwin_hpt/RoboTwin/policy/HPT/wandb/run-20250901_165406-foe21oe8/files/conda-environment.yaml
2025-09-01 17:06:11,407 INFO    wandb-upload_4:1404874 [upload_job.py:push():131] Uploaded file /data0/lumina/weijie/Robotwin_hpt/RoboTwin/policy/HPT/wandb/run-20250901_165406-foe21oe8/files/output.log
2025-09-01 17:06:11,608 INFO    Thread-11 (_thread_body):1404874 [sender.py:transition_state():617] send defer: 11
2025-09-01 17:06:11,609 DEBUG   HandlerThread:1404874 [handler.py:handle_request():146] handle_request: defer
2025-09-01 17:06:11,609 INFO    HandlerThread:1404874 [handler.py:handle_request_defer():172] handle defer: 11
2025-09-01 17:06:11,610 DEBUG   SenderThread:1404874 [sender.py:send_request():409] send_request: defer
2025-09-01 17:06:11,610 INFO    SenderThread:1404874 [sender.py:send_request_defer():613] handle sender defer: 11
2025-09-01 17:06:11,610 INFO    SenderThread:1404874 [file_pusher.py:join():181] waiting for file pusher
2025-09-01 17:06:11,610 INFO    SenderThread:1404874 [sender.py:transition_state():617] send defer: 12
2025-09-01 17:06:11,611 DEBUG   HandlerThread:1404874 [handler.py:handle_request():146] handle_request: defer
2025-09-01 17:06:11,611 INFO    HandlerThread:1404874 [handler.py:handle_request_defer():172] handle defer: 12
2025-09-01 17:06:11,611 DEBUG   HandlerThread:1404874 [handler.py:handle_request():146] handle_request: status_report
2025-09-01 17:06:11,611 DEBUG   SenderThread:1404874 [sender.py:send_request():409] send_request: defer
2025-09-01 17:06:11,611 INFO    SenderThread:1404874 [sender.py:send_request_defer():613] handle sender defer: 12
2025-09-01 17:06:11,612 INFO    SenderThread:1404874 [file_stream.py:finish():595] file stream finish called
2025-09-01 17:06:12,047 INFO    SenderThread:1404874 [file_stream.py:finish():599] file stream finish is done
2025-09-01 17:06:12,048 INFO    SenderThread:1404874 [sender.py:transition_state():617] send defer: 13
2025-09-01 17:06:12,048 DEBUG   HandlerThread:1404874 [handler.py:handle_request():146] handle_request: defer
2025-09-01 17:06:12,049 INFO    HandlerThread:1404874 [handler.py:handle_request_defer():172] handle defer: 13
2025-09-01 17:06:12,049 DEBUG   SenderThread:1404874 [sender.py:send_request():409] send_request: defer
2025-09-01 17:06:12,049 INFO    SenderThread:1404874 [sender.py:send_request_defer():613] handle sender defer: 13
2025-09-01 17:06:12,050 INFO    SenderThread:1404874 [sender.py:transition_state():617] send defer: 14
2025-09-01 17:06:12,050 DEBUG   HandlerThread:1404874 [handler.py:handle_request():146] handle_request: defer
2025-09-01 17:06:12,051 DEBUG   SenderThread:1404874 [sender.py:send():382] send: final
2025-09-01 17:06:12,051 INFO    HandlerThread:1404874 [handler.py:handle_request_defer():172] handle defer: 14
2025-09-01 17:06:12,051 DEBUG   SenderThread:1404874 [sender.py:send():382] send: footer
2025-09-01 17:06:12,051 DEBUG   SenderThread:1404874 [sender.py:send_request():409] send_request: defer
2025-09-01 17:06:12,051 INFO    SenderThread:1404874 [sender.py:send_request_defer():613] handle sender defer: 14
2025-09-01 17:06:12,053 DEBUG   HandlerThread:1404874 [handler.py:handle_request():146] handle_request: poll_exit
2025-09-01 17:06:12,053 DEBUG   SenderThread:1404874 [sender.py:send_request():409] send_request: poll_exit
2025-09-01 17:06:12,053 DEBUG   HandlerThread:1404874 [handler.py:handle_request():146] handle_request: server_info
2025-09-01 17:06:12,054 DEBUG   SenderThread:1404874 [sender.py:send_request():409] send_request: server_info
2025-09-01 17:06:12,056 DEBUG   HandlerThread:1404874 [handler.py:handle_request():146] handle_request: get_summary
2025-09-01 17:06:12,056 DEBUG   HandlerThread:1404874 [handler.py:handle_request():146] handle_request: sampled_history
2025-09-01 17:06:12,056 DEBUG   HandlerThread:1404874 [handler.py:handle_request():146] handle_request: internal_messages
2025-09-01 17:06:12,057 DEBUG   HandlerThread:1404874 [handler.py:handle_request():146] handle_request: job_info
2025-09-01 17:06:12,308 DEBUG   SenderThread:1404874 [sender.py:send_request():409] send_request: job_info
2025-09-01 17:06:12,309 INFO    MainThread:1404874 [wandb_run.py:_footer_history_summary_info():3837] rendering history
2025-09-01 17:06:12,309 INFO    MainThread:1404874 [wandb_run.py:_footer_history_summary_info():3869] rendering summary
2025-09-01 17:06:12,309 INFO    MainThread:1404874 [wandb_run.py:_footer_sync_info():3796] logging synced files
2025-09-01 17:06:12,310 DEBUG   HandlerThread:1404874 [handler.py:handle_request():146] handle_request: shutdown
2025-09-01 17:06:12,310 INFO    HandlerThread:1404874 [handler.py:finish():866] shutting down handler
2025-09-01 17:06:13,057 INFO    WriterThread:1404874 [datastore.py:close():294] close: /data0/lumina/weijie/Robotwin_hpt/RoboTwin/policy/HPT/wandb/run-20250901_165406-foe21oe8/run-foe21oe8.wandb
2025-09-01 17:06:13,308 INFO    SenderThread:1404874 [sender.py:finish():1548] shutting down sender
2025-09-01 17:06:13,309 INFO    SenderThread:1404874 [file_pusher.py:finish():175] shutting down file pusher
2025-09-01 17:06:13,309 INFO    SenderThread:1404874 [file_pusher.py:join():181] waiting for file pusher
